[0.037s] Invoking command in '/home/chinthan/ros2_ws/build/indoor_robot': CMAKE_PREFIX_PATH=${CMAKE_PREFIX_PATH}:/home/chinthan/turtlebot3_ws/install/turtlebot3_teleop:/home/chinthan/turtlebot3_ws/install/turtlebot3_example:/opt/ros/humble /usr/bin/cmake --build /home/chinthan/ros2_ws/build/indoor_robot -- -j2 -l2
[0.369s] Invoked command in '/home/chinthan/ros2_ws/build/indoor_robot' returned '0': CMAKE_PREFIX_PATH=${CMAKE_PREFIX_PATH}:/home/chinthan/turtlebot3_ws/install/turtlebot3_teleop:/home/chinthan/turtlebot3_ws/install/turtlebot3_example:/opt/ros/humble /usr/bin/cmake --build /home/chinthan/ros2_ws/build/indoor_robot -- -j2 -l2
[0.401s] Invoking command in '/home/chinthan/ros2_ws/build/indoor_robot': CMAKE_PREFIX_PATH=${CMAKE_PREFIX_PATH}:/home/chinthan/turtlebot3_ws/install/turtlebot3_teleop:/home/chinthan/turtlebot3_ws/install/turtlebot3_example:/opt/ros/humble /usr/bin/cmake --install /home/chinthan/ros2_ws/build/indoor_robot
[0.425s] -- Install configuration: ""
[0.427s] -- Up-to-date: /home/chinthan/ros2_ws/install/indoor_robot/share/indoor_robot//launch
[0.428s] -- Up-to-date: /home/chinthan/ros2_ws/install/indoor_robot/share/indoor_robot//launch/slam.launch.py
[0.428s] -- Up-to-date: /home/chinthan/ros2_ws/install/indoor_robot/share/indoor_robot//launch/navigation_simple.launch.py
[0.429s] -- Up-to-date: /home/chinthan/ros2_ws/install/indoor_robot/share/indoor_robot//launch/gazebo.launch.py
[0.429s] -- Up-to-date: /home/chinthan/ros2_ws/install/indoor_robot/share/indoor_robot//launch/navigation.launch.py
[0.429s] -- Up-to-date: /home/chinthan/ros2_ws/install/indoor_robot/share/indoor_robot//worlds
[0.433s] -- Up-to-date: /home/chinthan/ros2_ws/install/indoor_robot/share/indoor_robot//worlds/warehouse.world
[0.433s] -- Up-to-date: /home/chinthan/ros2_ws/install/indoor_robot/share/indoor_robot//models
[0.433s] -- Up-to-date: /home/chinthan/ros2_ws/install/indoor_robot/share/indoor_robot//models/robot.urdf.xacro
[0.434s] -- Up-to-date: /home/chinthan/ros2_ws/install/indoor_robot/share/indoor_robot//config
[0.435s] -- Up-to-date: /home/chinthan/ros2_ws/install/indoor_robot/share/indoor_robot//config/frames_2026-02-11_16.29.37.gv
[0.435s] -- Up-to-date: /home/chinthan/ros2_ws/install/indoor_robot/share/indoor_robot//config/nav2_params.yaml
[0.438s] -- Up-to-date: /home/chinthan/ros2_ws/install/indoor_robot/share/indoor_robot//config/slam_params.yaml
[0.438s] -- Up-to-date: /home/chinthan/ros2_ws/install/indoor_robot/share/indoor_robot//config/nav2_params.yaml.save
[0.438s] -- Up-to-date: /home/chinthan/ros2_ws/install/indoor_robot/share/indoor_robot//config/frames_2026-02-11_16.29.37.pdf
[0.438s] -- Up-to-date: /home/chinthan/ros2_ws/install/indoor_robot/share/indoor_robot//rviz
[0.440s] -- Up-to-date: /home/chinthan/ros2_ws/install/indoor_robot/share/indoor_robot//rviz/slam.rviz
[0.440s] -- Up-to-date: /home/chinthan/ros2_ws/install/indoor_robot/share/indoor_robot//rviz/nav2.rviz
[0.440s] -- Up-to-date: /home/chinthan/ros2_ws/install/indoor_robot/share/indoor_robot//maps
[0.441s] -- Up-to-date: /home/chinthan/ros2_ws/install/indoor_robot/share/indoor_robot//maps/warehouse_map.pgm
[0.441s] -- Up-to-date: /home/chinthan/ros2_ws/install/indoor_robot/share/indoor_robot//maps/warehouse_map.yaml
[0.441s] -- Up-to-date: /home/chinthan/ros2_ws/install/indoor_robot/share/ament_index/resource_index/package_run_dependencies/indoor_robot
[0.441s] -- Up-to-date: /home/chinthan/ros2_ws/install/indoor_robot/share/ament_index/resource_index/parent_prefix_path/indoor_robot
[0.443s] -- Up-to-date: /home/chinthan/ros2_ws/install/indoor_robot/share/indoor_robot/environment/ament_prefix_path.sh
[0.443s] -- Up-to-date: /home/chinthan/ros2_ws/install/indoor_robot/share/indoor_robot/environment/ament_prefix_path.dsv
[0.443s] -- Up-to-date: /home/chinthan/ros2_ws/install/indoor_robot/share/indoor_robot/environment/path.sh
[0.443s] -- Up-to-date: /home/chinthan/ros2_ws/install/indoor_robot/share/indoor_robot/environment/path.dsv
[0.443s] -- Up-to-date: /home/chinthan/ros2_ws/install/indoor_robot/share/indoor_robot/local_setup.bash
[0.443s] -- Up-to-date: /home/chinthan/ros2_ws/install/indoor_robot/share/indoor_robot/local_setup.sh
[0.443s] -- Up-to-date: /home/chinthan/ros2_ws/install/indoor_robot/share/indoor_robot/local_setup.zsh
[0.444s] -- Up-to-date: /home/chinthan/ros2_ws/install/indoor_robot/share/indoor_robot/local_setup.dsv
[0.444s] -- Installing: /home/chinthan/ros2_ws/install/indoor_robot/share/indoor_robot/package.dsv
[0.445s] -- Up-to-date: /home/chinthan/ros2_ws/install/indoor_robot/share/ament_index/resource_index/packages/indoor_robot
[0.452s] -- Up-to-date: /home/chinthan/ros2_ws/install/indoor_robot/share/indoor_robot/cmake/indoor_robotConfig.cmake
[0.453s] -- Up-to-date: /home/chinthan/ros2_ws/install/indoor_robot/share/indoor_robot/cmake/indoor_robotConfig-version.cmake
[0.453s] -- Up-to-date: /home/chinthan/ros2_ws/install/indoor_robot/share/indoor_robot/package.xml
[0.457s] Invoked command in '/home/chinthan/ros2_ws/build/indoor_robot' returned '0': CMAKE_PREFIX_PATH=${CMAKE_PREFIX_PATH}:/home/chinthan/turtlebot3_ws/install/turtlebot3_teleop:/home/chinthan/turtlebot3_ws/install/turtlebot3_example:/opt/ros/humble /usr/bin/cmake --install /home/chinthan/ros2_ws/build/indoor_robot
