[0.904s] DEBUG:colcon:Command line arguments: ['/usr/bin/colcon', 'build', '--packages-select', 'indoor_robot']
[0.904s] DEBUG:colcon:Parsed command line arguments: Namespace(log_base=None, log_level=None, verb_name='build', build_base='build', install_base='install', merge_install=False, symlink_install=False, test_result_base=None, continue_on_error=False, executor='parallel', parallel_workers=2, event_handlers=None, ignore_user_meta=False, metas=['./colcon.meta'], base_paths=['.'], packages_ignore=None, packages_ignore_regex=None, paths=None, packages_up_to=None, packages_up_to_regex=None, packages_above=None, packages_above_and_dependencies=None, packages_above_depth=None, packages_select_by_dep=None, packages_skip_by_dep=None, packages_skip_up_to=None, packages_select_build_failed=False, packages_skip_build_finished=False, packages_select_test_failures=False, packages_skip_test_passed=False, packages_select=['indoor_robot'], packages_skip=None, packages_select_regex=None, packages_skip_regex=None, packages_start=None, packages_end=None, allow_overriding=[], cmake_args=None, cmake_target=None, cmake_target_skip_unavailable=False, cmake_clean_cache=False, cmake_clean_first=False, cmake_force_configure=False, ament_cmake_args=None, catkin_cmake_args=None, catkin_skip_building_tests=False, verb_parser=<colcon_defaults.argument_parser.defaults.DefaultArgumentsDecorator object at 0x7d7ed435e230>, verb_extension=<colcon_core.verb.build.BuildVerb object at 0x7d7ed44d7010>, main=<bound method BuildVerb.main of <colcon_core.verb.build.BuildVerb object at 0x7d7ed44d7010>>)
[3.454s] Level 1:colcon.colcon_core.package_discovery:discover_packages(colcon_meta) check parameters
[3.454s] Level 1:colcon.colcon_core.package_discovery:discover_packages(recursive) check parameters
[3.455s] Level 1:colcon.colcon_core.package_discovery:discover_packages(ignore) check parameters
[3.455s] Level 1:colcon.colcon_core.package_discovery:discover_packages(path) check parameters
[3.455s] Level 1:colcon.colcon_core.package_discovery:discover_packages(colcon_meta) discover
[3.455s] Level 1:colcon.colcon_core.package_discovery:discover_packages(recursive) discover
[3.455s] INFO:colcon.colcon_core.package_discovery:Crawling recursively for packages in '/home/chinthan/ros2_ws'
[3.455s] Level 1:colcon.colcon_core.package_identification:_identify(.) by extensions ['ignore', 'ignore_ament_install']
[3.456s] Level 1:colcon.colcon_core.package_identification:_identify(.) by extension 'ignore'
[3.456s] Level 1:colcon.colcon_core.package_identification:_identify(.) by extension 'ignore_ament_install'
[3.456s] Level 1:colcon.colcon_core.package_identification:_identify(.) by extensions ['colcon_pkg']
[3.457s] Level 1:colcon.colcon_core.package_identification:_identify(.) by extension 'colcon_pkg'
[3.457s] Level 1:colcon.colcon_core.package_identification:_identify(.) by extensions ['colcon_meta']
[3.457s] Level 1:colcon.colcon_core.package_identification:_identify(.) by extension 'colcon_meta'
[3.457s] Level 1:colcon.colcon_core.package_identification:_identify(.) by extensions ['ros']
[3.457s] Level 1:colcon.colcon_core.package_identification:_identify(.) by extension 'ros'
[3.539s] Level 1:colcon.colcon_core.package_identification:_identify(.) by extensions ['cmake', 'python']
[3.539s] Level 1:colcon.colcon_core.package_identification:_identify(.) by extension 'cmake'
[3.539s] Level 1:colcon.colcon_core.package_identification:_identify(.) by extension 'python'
[3.539s] Level 1:colcon.colcon_core.package_identification:_identify(.) by extensions ['python_setup_py']
[3.539s] Level 1:colcon.colcon_core.package_identification:_identify(.) by extension 'python_setup_py'
[3.540s] Level 1:colcon.colcon_core.package_identification:_identify(build) by extensions ['ignore', 'ignore_ament_install']
[3.540s] Level 1:colcon.colcon_core.package_identification:_identify(build) by extension 'ignore'
[3.541s] Level 1:colcon.colcon_core.package_identification:_identify(build) ignored
[3.541s] Level 1:colcon.colcon_core.package_identification:_identify(install) by extensions ['ignore', 'ignore_ament_install']
[3.541s] Level 1:colcon.colcon_core.package_identification:_identify(install) by extension 'ignore'
[3.542s] Level 1:colcon.colcon_core.package_identification:_identify(install) ignored
[3.542s] Level 1:colcon.colcon_core.package_identification:_identify(log) by extensions ['ignore', 'ignore_ament_install']
[3.542s] Level 1:colcon.colcon_core.package_identification:_identify(log) by extension 'ignore'
[3.543s] Level 1:colcon.colcon_core.package_identification:_identify(log) ignored
[3.544s] Level 1:colcon.colcon_core.package_identification:_identify(src) by extensions ['ignore', 'ignore_ament_install']
[3.553s] Level 1:colcon.colcon_core.package_identification:_identify(src) by extension 'ignore'
[3.553s] Level 1:colcon.colcon_core.package_identification:_identify(src) by extension 'ignore_ament_install'
[3.553s] Level 1:colcon.colcon_core.package_identification:_identify(src) by extensions ['colcon_pkg']
[3.555s] Level 1:colcon.colcon_core.package_identification:_identify(src) by extension 'colcon_pkg'
[3.555s] Level 1:colcon.colcon_core.package_identification:_identify(src) by extensions ['colcon_meta']
[3.555s] Level 1:colcon.colcon_core.package_identification:_identify(src) by extension 'colcon_meta'
[3.555s] Level 1:colcon.colcon_core.package_identification:_identify(src) by extensions ['ros']
[3.555s] Level 1:colcon.colcon_core.package_identification:_identify(src) by extension 'ros'
[3.555s] Level 1:colcon.colcon_core.package_identification:_identify(src) by extensions ['cmake', 'python']
[3.555s] Level 1:colcon.colcon_core.package_identification:_identify(src) by extension 'cmake'
[3.556s] Level 1:colcon.colcon_core.package_identification:_identify(src) by extension 'python'
[3.556s] Level 1:colcon.colcon_core.package_identification:_identify(src) by extensions ['python_setup_py']
[3.556s] Level 1:colcon.colcon_core.package_identification:_identify(src) by extension 'python_setup_py'
[3.556s] Level 1:colcon.colcon_core.package_identification:_identify(src/Autonomous_Indoor_Robot-ROS2) by extensions ['ignore', 'ignore_ament_install']
[3.557s] Level 1:colcon.colcon_core.package_identification:_identify(src/Autonomous_Indoor_Robot-ROS2) by extension 'ignore'
[3.557s] Level 1:colcon.colcon_core.package_identification:_identify(src/Autonomous_Indoor_Robot-ROS2) by extension 'ignore_ament_install'
[3.557s] Level 1:colcon.colcon_core.package_identification:_identify(src/Autonomous_Indoor_Robot-ROS2) by extensions ['colcon_pkg']
[3.557s] Level 1:colcon.colcon_core.package_identification:_identify(src/Autonomous_Indoor_Robot-ROS2) by extension 'colcon_pkg'
[3.557s] Level 1:colcon.colcon_core.package_identification:_identify(src/Autonomous_Indoor_Robot-ROS2) by extensions ['colcon_meta']
[3.557s] Level 1:colcon.colcon_core.package_identification:_identify(src/Autonomous_Indoor_Robot-ROS2) by extension 'colcon_meta'
[3.557s] Level 1:colcon.colcon_core.package_identification:_identify(src/Autonomous_Indoor_Robot-ROS2) by extensions ['ros']
[3.557s] Level 1:colcon.colcon_core.package_identification:_identify(src/Autonomous_Indoor_Robot-ROS2) by extension 'ros'
[3.557s] Level 1:colcon.colcon_core.package_identification:_identify(src/Autonomous_Indoor_Robot-ROS2) by extensions ['cmake', 'python']
[3.558s] Level 1:colcon.colcon_core.package_identification:_identify(src/Autonomous_Indoor_Robot-ROS2) by extension 'cmake'
[3.558s] Level 1:colcon.colcon_core.package_identification:_identify(src/Autonomous_Indoor_Robot-ROS2) by extension 'python'
[3.558s] Level 1:colcon.colcon_core.package_identification:_identify(src/Autonomous_Indoor_Robot-ROS2) by extensions ['python_setup_py']
[3.558s] Level 1:colcon.colcon_core.package_identification:_identify(src/Autonomous_Indoor_Robot-ROS2) by extension 'python_setup_py'
[3.558s] Level 1:colcon.colcon_core.package_identification:_identify(src/Autonomous_Indoor_Robot-ROS2/build) by extensions ['ignore', 'ignore_ament_install']
[3.559s] Level 1:colcon.colcon_core.package_identification:_identify(src/Autonomous_Indoor_Robot-ROS2/build) by extension 'ignore'
[3.559s] Level 1:colcon.colcon_core.package_identification:_identify(src/Autonomous_Indoor_Robot-ROS2/build) ignored
[3.559s] Level 1:colcon.colcon_core.package_identification:_identify(src/Autonomous_Indoor_Robot-ROS2/install) by extensions ['ignore', 'ignore_ament_install']
[3.560s] Level 1:colcon.colcon_core.package_identification:_identify(src/Autonomous_Indoor_Robot-ROS2/install) by extension 'ignore'
[3.560s] Level 1:colcon.colcon_core.package_identification:_identify(src/Autonomous_Indoor_Robot-ROS2/install) ignored
[3.560s] Level 1:colcon.colcon_core.package_identification:_identify(src/Autonomous_Indoor_Robot-ROS2/log) by extensions ['ignore', 'ignore_ament_install']
[3.561s] Level 1:colcon.colcon_core.package_identification:_identify(src/Autonomous_Indoor_Robot-ROS2/log) by extension 'ignore'
[3.561s] Level 1:colcon.colcon_core.package_identification:_identify(src/Autonomous_Indoor_Robot-ROS2/log) ignored
[3.561s] Level 1:colcon.colcon_core.package_identification:_identify(src/Autonomous_Indoor_Robot-ROS2/src) by extensions ['ignore', 'ignore_ament_install']
[3.562s] Level 1:colcon.colcon_core.package_identification:_identify(src/Autonomous_Indoor_Robot-ROS2/src) by extension 'ignore'
[3.562s] Level 1:colcon.colcon_core.package_identification:_identify(src/Autonomous_Indoor_Robot-ROS2/src) by extension 'ignore_ament_install'
[3.562s] Level 1:colcon.colcon_core.package_identification:_identify(src/Autonomous_Indoor_Robot-ROS2/src) by extensions ['colcon_pkg']
[3.562s] Level 1:colcon.colcon_core.package_identification:_identify(src/Autonomous_Indoor_Robot-ROS2/src) by extension 'colcon_pkg'
[3.562s] Level 1:colcon.colcon_core.package_identification:_identify(src/Autonomous_Indoor_Robot-ROS2/src) by extensions ['colcon_meta']
[3.562s] Level 1:colcon.colcon_core.package_identification:_identify(src/Autonomous_Indoor_Robot-ROS2/src) by extension 'colcon_meta'
[3.562s] Level 1:colcon.colcon_core.package_identification:_identify(src/Autonomous_Indoor_Robot-ROS2/src) by extensions ['ros']
[3.562s] Level 1:colcon.colcon_core.package_identification:_identify(src/Autonomous_Indoor_Robot-ROS2/src) by extension 'ros'
[3.563s] Level 1:colcon.colcon_core.package_identification:_identify(src/Autonomous_Indoor_Robot-ROS2/src) by extensions ['cmake', 'python']
[3.563s] Level 1:colcon.colcon_core.package_identification:_identify(src/Autonomous_Indoor_Robot-ROS2/src) by extension 'cmake'
[3.563s] Level 1:colcon.colcon_core.package_identification:_identify(src/Autonomous_Indoor_Robot-ROS2/src) by extension 'python'
[3.563s] Level 1:colcon.colcon_core.package_identification:_identify(src/Autonomous_Indoor_Robot-ROS2/src) by extensions ['python_setup_py']
[3.563s] Level 1:colcon.colcon_core.package_identification:_identify(src/Autonomous_Indoor_Robot-ROS2/src) by extension 'python_setup_py'
[3.564s] Level 1:colcon.colcon_core.package_identification:_identify(src/Autonomous_Indoor_Robot-ROS2/src/indoor_robot) by extensions ['ignore', 'ignore_ament_install']
[3.564s] Level 1:colcon.colcon_core.package_identification:_identify(src/Autonomous_Indoor_Robot-ROS2/src/indoor_robot) by extension 'ignore'
[3.564s] Level 1:colcon.colcon_core.package_identification:_identify(src/Autonomous_Indoor_Robot-ROS2/src/indoor_robot) by extension 'ignore_ament_install'
[3.565s] Level 1:colcon.colcon_core.package_identification:_identify(src/Autonomous_Indoor_Robot-ROS2/src/indoor_robot) by extensions ['colcon_pkg']
[3.565s] Level 1:colcon.colcon_core.package_identification:_identify(src/Autonomous_Indoor_Robot-ROS2/src/indoor_robot) by extension 'colcon_pkg'
[3.565s] Level 1:colcon.colcon_core.package_identification:_identify(src/Autonomous_Indoor_Robot-ROS2/src/indoor_robot) by extensions ['colcon_meta']
[3.565s] Level 1:colcon.colcon_core.package_identification:_identify(src/Autonomous_Indoor_Robot-ROS2/src/indoor_robot) by extension 'colcon_meta'
[3.565s] Level 1:colcon.colcon_core.package_identification:_identify(src/Autonomous_Indoor_Robot-ROS2/src/indoor_robot) by extensions ['ros']
[3.565s] Level 1:colcon.colcon_core.package_identification:_identify(src/Autonomous_Indoor_Robot-ROS2/src/indoor_robot) by extension 'ros'
[3.581s] DEBUG:colcon.colcon_core.package_identification:Package 'src/Autonomous_Indoor_Robot-ROS2/src/indoor_robot' with type 'ros.ament_cmake' and name 'indoor_robot'
[3.583s] Level 1:colcon.colcon_core.package_identification:_identify(src/build) by extensions ['ignore', 'ignore_ament_install']
[3.583s] Level 1:colcon.colcon_core.package_identification:_identify(src/build) by extension 'ignore'
[3.584s] Level 1:colcon.colcon_core.package_identification:_identify(src/build) ignored
[3.584s] Level 1:colcon.colcon_core.package_identification:_identify(src/install) by extensions ['ignore', 'ignore_ament_install']
[3.584s] Level 1:colcon.colcon_core.package_identification:_identify(src/install) by extension 'ignore'
[3.585s] Level 1:colcon.colcon_core.package_identification:_identify(src/install) ignored
[3.586s] Level 1:colcon.colcon_core.package_identification:_identify(src/log) by extensions ['ignore', 'ignore_ament_install']
[3.586s] Level 1:colcon.colcon_core.package_identification:_identify(src/log) by extension 'ignore'
[3.586s] Level 1:colcon.colcon_core.package_identification:_identify(src/log) ignored
[3.586s] Level 1:colcon.colcon_core.package_discovery:discover_packages(recursive) using defaults
[3.586s] Level 1:colcon.colcon_core.package_discovery:discover_packages(ignore) discover
[3.586s] Level 1:colcon.colcon_core.package_discovery:discover_packages(ignore) using defaults
[3.586s] Level 1:colcon.colcon_core.package_discovery:discover_packages(path) discover
[3.587s] Level 1:colcon.colcon_core.package_discovery:discover_packages(path) using defaults
[3.714s] Level 1:colcon.colcon_core.package_discovery:discover_packages(prefix_path) check parameters
[3.714s] Level 1:colcon.colcon_core.package_discovery:discover_packages(prefix_path) discover
[3.732s] DEBUG:colcon.colcon_installed_package_information.package_discovery:Found 1 installed packages in /home/chinthan/ros2_ws/install
[3.736s] DEBUG:colcon.colcon_installed_package_information.package_discovery:Found 16 installed packages in /home/chinthan/turtlebot3_ws/install
[3.742s] DEBUG:colcon.colcon_installed_package_information.package_discovery:Found 410 installed packages in /opt/ros/humble
[3.753s] Level 1:colcon.colcon_core.package_discovery:discover_packages(prefix_path) using defaults
[3.999s] Level 5:colcon.colcon_core.verb:set package 'indoor_robot' build argument 'cmake_args' from command line to 'None'
[3.999s] Level 5:colcon.colcon_core.verb:set package 'indoor_robot' build argument 'cmake_target' from command line to 'None'
[3.999s] Level 5:colcon.colcon_core.verb:set package 'indoor_robot' build argument 'cmake_target_skip_unavailable' from command line to 'False'
[3.999s] Level 5:colcon.colcon_core.verb:set package 'indoor_robot' build argument 'cmake_clean_cache' from command line to 'False'
[3.999s] Level 5:colcon.colcon_core.verb:set package 'indoor_robot' build argument 'cmake_clean_first' from command line to 'False'
[3.999s] Level 5:colcon.colcon_core.verb:set package 'indoor_robot' build argument 'cmake_force_configure' from command line to 'False'
[3.999s] Level 5:colcon.colcon_core.verb:set package 'indoor_robot' build argument 'ament_cmake_args' from command line to 'None'
[3.999s] Level 5:colcon.colcon_core.verb:set package 'indoor_robot' build argument 'catkin_cmake_args' from command line to 'None'
[4.000s] Level 5:colcon.colcon_core.verb:set package 'indoor_robot' build argument 'catkin_skip_building_tests' from command line to 'False'
[4.000s] DEBUG:colcon.colcon_core.verb:Building package 'indoor_robot' with the following arguments: {'ament_cmake_args': None, 'build_base': '/home/chinthan/ros2_ws/build/indoor_robot', 'catkin_cmake_args': None, 'catkin_skip_building_tests': False, 'cmake_args': None, 'cmake_clean_cache': False, 'cmake_clean_first': False, 'cmake_force_configure': False, 'cmake_target': None, 'cmake_target_skip_unavailable': False, 'install_base': '/home/chinthan/ros2_ws/install/indoor_robot', 'merge_install': False, 'path': '/home/chinthan/ros2_ws/src/Autonomous_Indoor_Robot-ROS2/src/indoor_robot', 'symlink_install': False, 'test_result_base': None}
[4.000s] INFO:colcon.colcon_core.executor:Executing jobs using 'parallel' executor
[4.002s] DEBUG:colcon.colcon_parallel_executor.executor.parallel:run_until_complete
[4.002s] INFO:colcon.colcon_ros.task.ament_cmake.build:Building ROS package in '/home/chinthan/ros2_ws/src/Autonomous_Indoor_Robot-ROS2/src/indoor_robot' with build type 'ament_cmake'
[4.003s] INFO:colcon.colcon_cmake.task.cmake.build:Building CMake package in '/home/chinthan/ros2_ws/src/Autonomous_Indoor_Robot-ROS2/src/indoor_robot'
[4.018s] INFO:colcon.colcon_core.plugin_system:Skipping extension 'colcon_core.shell.bat': Not used on non-Windows systems
[4.018s] INFO:colcon.colcon_core.shell:Skip shell extension 'powershell' for command environment: Not usable outside of PowerShell
[4.019s] DEBUG:colcon.colcon_core.shell:Skip shell extension 'dsv' for command environment
[4.070s] DEBUG:colcon.colcon_core.event_handler.log_command:Invoking command in '/home/chinthan/ros2_ws/build/indoor_robot': CMAKE_PREFIX_PATH=${CMAKE_PREFIX_PATH}:/home/chinthan/turtlebot3_ws/install/turtlebot3_teleop:/home/chinthan/turtlebot3_ws/install/turtlebot3_example:/opt/ros/humble /usr/bin/cmake --build /home/chinthan/ros2_ws/build/indoor_robot -- -j2 -l2
[4.316s] DEBUG:colcon.colcon_core.event_handler.log_command:Invoked command in '/home/chinthan/ros2_ws/build/indoor_robot' returned '0': CMAKE_PREFIX_PATH=${CMAKE_PREFIX_PATH}:/home/chinthan/turtlebot3_ws/install/turtlebot3_teleop:/home/chinthan/turtlebot3_ws/install/turtlebot3_example:/opt/ros/humble /usr/bin/cmake --build /home/chinthan/ros2_ws/build/indoor_robot -- -j2 -l2
[4.347s] DEBUG:colcon.colcon_core.event_handler.log_command:Invoking command in '/home/chinthan/ros2_ws/build/indoor_robot': CMAKE_PREFIX_PATH=${CMAKE_PREFIX_PATH}:/home/chinthan/turtlebot3_ws/install/turtlebot3_teleop:/home/chinthan/turtlebot3_ws/install/turtlebot3_example:/opt/ros/humble /usr/bin/cmake --install /home/chinthan/ros2_ws/build/indoor_robot
[4.400s] Level 1:colcon.colcon_core.environment:create_environment_scripts_only(indoor_robot)
[4.401s] DEBUG:colcon.colcon_core.event_handler.log_command:Invoked command in '/home/chinthan/ros2_ws/build/indoor_robot' returned '0': CMAKE_PREFIX_PATH=${CMAKE_PREFIX_PATH}:/home/chinthan/turtlebot3_ws/install/turtlebot3_teleop:/home/chinthan/turtlebot3_ws/install/turtlebot3_example:/opt/ros/humble /usr/bin/cmake --install /home/chinthan/ros2_ws/build/indoor_robot
[4.421s] Level 1:colcon.colcon_core.environment:checking '/home/chinthan/ros2_ws/install/indoor_robot' for CMake module files
[4.424s] Level 1:colcon.colcon_core.environment:checking '/home/chinthan/ros2_ws/install/indoor_robot' for CMake config files
[4.430s] Level 1:colcon.colcon_core.shell:create_environment_hook('indoor_robot', 'cmake_prefix_path')
[4.431s] INFO:colcon.colcon_core.shell:Creating environment hook '/home/chinthan/ros2_ws/install/indoor_robot/share/indoor_robot/hook/cmake_prefix_path.ps1'
[4.434s] INFO:colcon.colcon_core.shell:Creating environment descriptor '/home/chinthan/ros2_ws/install/indoor_robot/share/indoor_robot/hook/cmake_prefix_path.dsv'
[4.479s] INFO:colcon.colcon_core.shell:Creating environment hook '/home/chinthan/ros2_ws/install/indoor_robot/share/indoor_robot/hook/cmake_prefix_path.sh'
[4.484s] Level 1:colcon.colcon_core.environment:checking '/home/chinthan/ros2_ws/install/indoor_robot/bin'
[4.484s] Level 1:colcon.colcon_core.environment:checking '/home/chinthan/ros2_ws/install/indoor_robot/lib/pkgconfig/indoor_robot.pc'
[4.485s] Level 1:colcon.colcon_core.environment:checking '/home/chinthan/ros2_ws/install/indoor_robot/lib/python3.10/site-packages'
[4.487s] Level 1:colcon.colcon_core.environment:checking '/home/chinthan/ros2_ws/install/indoor_robot/bin'
[4.488s] INFO:colcon.colcon_core.shell:Creating package script '/home/chinthan/ros2_ws/install/indoor_robot/share/indoor_robot/package.ps1'
[4.538s] INFO:colcon.colcon_core.shell:Creating package descriptor '/home/chinthan/ros2_ws/install/indoor_robot/share/indoor_robot/package.dsv'
[4.546s] INFO:colcon.colcon_core.shell:Creating package script '/home/chinthan/ros2_ws/install/indoor_robot/share/indoor_robot/package.sh'
[4.563s] INFO:colcon.colcon_core.shell:Creating package script '/home/chinthan/ros2_ws/install/indoor_robot/share/indoor_robot/package.bash'
[4.579s] INFO:colcon.colcon_core.shell:Creating package script '/home/chinthan/ros2_ws/install/indoor_robot/share/indoor_robot/package.zsh'
[4.639s] Level 1:colcon.colcon_core.environment:create_file_with_runtime_dependencies(/home/chinthan/ros2_ws/install/indoor_robot/share/colcon-core/packages/indoor_robot)
[4.648s] Level 1:colcon.colcon_core.environment:create_environment_scripts_only(indoor_robot)
[4.653s] Level 1:colcon.colcon_core.environment:checking '/home/chinthan/ros2_ws/install/indoor_robot' for CMake module files
[4.664s] Level 1:colcon.colcon_core.environment:checking '/home/chinthan/ros2_ws/install/indoor_robot' for CMake config files
[4.672s] Level 1:colcon.colcon_core.shell:create_environment_hook('indoor_robot', 'cmake_prefix_path')
[4.683s] INFO:colcon.colcon_core.shell:Creating environment hook '/home/chinthan/ros2_ws/install/indoor_robot/share/indoor_robot/hook/cmake_prefix_path.ps1'
[4.696s] INFO:colcon.colcon_core.shell:Creating environment descriptor '/home/chinthan/ros2_ws/install/indoor_robot/share/indoor_robot/hook/cmake_prefix_path.dsv'
[4.708s] INFO:colcon.colcon_core.shell:Creating environment hook '/home/chinthan/ros2_ws/install/indoor_robot/share/indoor_robot/hook/cmake_prefix_path.sh'
[4.725s] Level 1:colcon.colcon_core.environment:checking '/home/chinthan/ros2_ws/install/indoor_robot/bin'
[4.727s] Level 1:colcon.colcon_core.environment:checking '/home/chinthan/ros2_ws/install/indoor_robot/lib/pkgconfig/indoor_robot.pc'
[4.731s] Level 1:colcon.colcon_core.environment:checking '/home/chinthan/ros2_ws/install/indoor_robot/lib/python3.10/site-packages'
[4.737s] Level 1:colcon.colcon_core.environment:checking '/home/chinthan/ros2_ws/install/indoor_robot/bin'
[4.743s] INFO:colcon.colcon_core.shell:Creating package script '/home/chinthan/ros2_ws/install/indoor_robot/share/indoor_robot/package.ps1'
[4.748s] INFO:colcon.colcon_core.shell:Creating package descriptor '/home/chinthan/ros2_ws/install/indoor_robot/share/indoor_robot/package.dsv'
[4.752s] INFO:colcon.colcon_core.shell:Creating package script '/home/chinthan/ros2_ws/install/indoor_robot/share/indoor_robot/package.sh'
[4.754s] INFO:colcon.colcon_core.shell:Creating package script '/home/chinthan/ros2_ws/install/indoor_robot/share/indoor_robot/package.bash'
[4.757s] INFO:colcon.colcon_core.shell:Creating package script '/home/chinthan/ros2_ws/install/indoor_robot/share/indoor_robot/package.zsh'
[4.764s] Level 1:colcon.colcon_core.environment:create_file_with_runtime_dependencies(/home/chinthan/ros2_ws/install/indoor_robot/share/colcon-core/packages/indoor_robot)
[4.765s] DEBUG:colcon.colcon_parallel_executor.executor.parallel:closing loop
[4.765s] DEBUG:colcon.colcon_parallel_executor.executor.parallel:loop closed
[4.766s] DEBUG:colcon.colcon_parallel_executor.executor.parallel:run_until_complete finished with '0'
[4.766s] DEBUG:colcon.colcon_core.event_reactor:joining thread
[4.815s] INFO:colcon.colcon_core.plugin_system:Skipping extension 'colcon_notification.desktop_notification.terminal_notifier': Not used on non-Darwin systems
[4.815s] INFO:colcon.colcon_core.plugin_system:Skipping extension 'colcon_notification.desktop_notification.win32': Not used on non-Windows systems
[4.815s] INFO:colcon.colcon_notification.desktop_notification:Sending desktop notification using 'notify2'
[4.881s] DEBUG:colcon.colcon_core.event_reactor:joined thread
[4.882s] INFO:colcon.colcon_core.shell:Creating prefix script '/home/chinthan/ros2_ws/install/local_setup.ps1'
[4.890s] INFO:colcon.colcon_core.shell:Creating prefix util module '/home/chinthan/ros2_ws/install/_local_setup_util_ps1.py'
[4.900s] INFO:colcon.colcon_core.shell:Creating prefix chain script '/home/chinthan/ros2_ws/install/setup.ps1'
[4.909s] INFO:colcon.colcon_core.shell:Creating prefix script '/home/chinthan/ros2_ws/install/local_setup.sh'
[4.915s] INFO:colcon.colcon_core.shell:Creating prefix util module '/home/chinthan/ros2_ws/install/_local_setup_util_sh.py'
[4.917s] INFO:colcon.colcon_core.shell:Creating prefix chain script '/home/chinthan/ros2_ws/install/setup.sh'
[4.928s] INFO:colcon.colcon_core.shell:Creating prefix script '/home/chinthan/ros2_ws/install/local_setup.bash'
[4.934s] INFO:colcon.colcon_core.shell:Creating prefix chain script '/home/chinthan/ros2_ws/install/setup.bash'
[4.945s] INFO:colcon.colcon_core.shell:Creating prefix script '/home/chinthan/ros2_ws/install/local_setup.zsh'
[4.950s] INFO:colcon.colcon_core.shell:Creating prefix chain script '/home/chinthan/ros2_ws/install/setup.zsh'
