[1.445s] DEBUG:colcon:Command line arguments: ['/usr/bin/colcon', 'build', '--packages-select', 'indoor_robot']
[1.445s] DEBUG:colcon:Parsed command line arguments: Namespace(log_base=None, log_level=None, verb_name='build', build_base='build', install_base='install', merge_install=False, symlink_install=False, test_result_base=None, continue_on_error=False, executor='parallel', parallel_workers=2, event_handlers=None, ignore_user_meta=False, metas=['./colcon.meta'], base_paths=['.'], packages_ignore=None, packages_ignore_regex=None, paths=None, packages_up_to=None, packages_up_to_regex=None, packages_above=None, packages_above_and_dependencies=None, packages_above_depth=None, packages_select_by_dep=None, packages_skip_by_dep=None, packages_skip_up_to=None, packages_select_build_failed=False, packages_skip_build_finished=False, packages_select_test_failures=False, packages_skip_test_passed=False, packages_select=['indoor_robot'], packages_skip=None, packages_select_regex=None, packages_skip_regex=None, packages_start=None, packages_end=None, allow_overriding=[], cmake_args=None, cmake_target=None, cmake_target_skip_unavailable=False, cmake_clean_cache=False, cmake_clean_first=False, cmake_force_configure=False, ament_cmake_args=None, catkin_cmake_args=None, catkin_skip_building_tests=False, verb_parser=<colcon_defaults.argument_parser.defaults.DefaultArgumentsDecorator object at 0x7713ae0c2230>, verb_extension=<colcon_core.verb.build.BuildVerb object at 0x7713ae23b010>, main=<bound method BuildVerb.main of <colcon_core.verb.build.BuildVerb object at 0x7713ae23b010>>)
[3.033s] Level 1:colcon.colcon_core.package_discovery:discover_packages(colcon_meta) check parameters
[3.033s] Level 1:colcon.colcon_core.package_discovery:discover_packages(recursive) check parameters
[3.033s] Level 1:colcon.colcon_core.package_discovery:discover_packages(ignore) check parameters
[3.034s] Level 1:colcon.colcon_core.package_discovery:discover_packages(path) check parameters
[3.034s] Level 1:colcon.colcon_core.package_discovery:discover_packages(colcon_meta) discover
[3.034s] Level 1:colcon.colcon_core.package_discovery:discover_packages(recursive) discover
[3.035s] INFO:colcon.colcon_core.package_discovery:Crawling recursively for packages in '/home/chinthan/ros2_ws'
[3.035s] Level 1:colcon.colcon_core.package_identification:_identify(.) by extensions ['ignore', 'ignore_ament_install']
[3.035s] Level 1:colcon.colcon_core.package_identification:_identify(.) by extension 'ignore'
[3.035s] Level 1:colcon.colcon_core.package_identification:_identify(.) by extension 'ignore_ament_install'
[3.035s] Level 1:colcon.colcon_core.package_identification:_identify(.) by extensions ['colcon_pkg']
[3.035s] Level 1:colcon.colcon_core.package_identification:_identify(.) by extension 'colcon_pkg'
[3.036s] Level 1:colcon.colcon_core.package_identification:_identify(.) by extensions ['colcon_meta']
[3.036s] Level 1:colcon.colcon_core.package_identification:_identify(.) by extension 'colcon_meta'
[3.036s] Level 1:colcon.colcon_core.package_identification:_identify(.) by extensions ['ros']
[3.036s] Level 1:colcon.colcon_core.package_identification:_identify(.) by extension 'ros'
[3.131s] Level 1:colcon.colcon_core.package_identification:_identify(.) by extensions ['cmake', 'python']
[3.131s] Level 1:colcon.colcon_core.package_identification:_identify(.) by extension 'cmake'
[3.131s] Level 1:colcon.colcon_core.package_identification:_identify(.) by extension 'python'
[3.131s] Level 1:colcon.colcon_core.package_identification:_identify(.) by extensions ['python_setup_py']
[3.131s] Level 1:colcon.colcon_core.package_identification:_identify(.) by extension 'python_setup_py'
[3.132s] Level 1:colcon.colcon_core.package_identification:_identify(build) by extensions ['ignore', 'ignore_ament_install']
[3.132s] Level 1:colcon.colcon_core.package_identification:_identify(build) by extension 'ignore'
[3.132s] Level 1:colcon.colcon_core.package_identification:_identify(build) ignored
[3.132s] Level 1:colcon.colcon_core.package_identification:_identify(install) by extensions ['ignore', 'ignore_ament_install']
[3.133s] Level 1:colcon.colcon_core.package_identification:_identify(install) by extension 'ignore'
[3.133s] Level 1:colcon.colcon_core.package_identification:_identify(install) ignored
[3.133s] Level 1:colcon.colcon_core.package_identification:_identify(log) by extensions ['ignore', 'ignore_ament_install']
[3.133s] Level 1:colcon.colcon_core.package_identification:_identify(log) by extension 'ignore'
[3.133s] Level 1:colcon.colcon_core.package_identification:_identify(log) ignored
[3.134s] Level 1:colcon.colcon_core.package_identification:_identify(src) by extensions ['ignore', 'ignore_ament_install']
[3.134s] Level 1:colcon.colcon_core.package_identification:_identify(src) by extension 'ignore'
[3.134s] Level 1:colcon.colcon_core.package_identification:_identify(src) by extension 'ignore_ament_install'
[3.135s] Level 1:colcon.colcon_core.package_identification:_identify(src) by extensions ['colcon_pkg']
[3.135s] Level 1:colcon.colcon_core.package_identification:_identify(src) by extension 'colcon_pkg'
[3.135s] Level 1:colcon.colcon_core.package_identification:_identify(src) by extensions ['colcon_meta']
[3.135s] Level 1:colcon.colcon_core.package_identification:_identify(src) by extension 'colcon_meta'
[3.135s] Level 1:colcon.colcon_core.package_identification:_identify(src) by extensions ['ros']
[3.135s] Level 1:colcon.colcon_core.package_identification:_identify(src) by extension 'ros'
[3.135s] Level 1:colcon.colcon_core.package_identification:_identify(src) by extensions ['cmake', 'python']
[3.135s] Level 1:colcon.colcon_core.package_identification:_identify(src) by extension 'cmake'
[3.135s] Level 1:colcon.colcon_core.package_identification:_identify(src) by extension 'python'
[3.135s] Level 1:colcon.colcon_core.package_identification:_identify(src) by extensions ['python_setup_py']
[3.136s] Level 1:colcon.colcon_core.package_identification:_identify(src) by extension 'python_setup_py'
[3.137s] Level 1:colcon.colcon_core.package_identification:_identify(src/Autonomous_Indoor_Robot-ROS2) by extensions ['ignore', 'ignore_ament_install']
[3.137s] Level 1:colcon.colcon_core.package_identification:_identify(src/Autonomous_Indoor_Robot-ROS2) by extension 'ignore'
[3.137s] Level 1:colcon.colcon_core.package_identification:_identify(src/Autonomous_Indoor_Robot-ROS2) by extension 'ignore_ament_install'
[3.137s] Level 1:colcon.colcon_core.package_identification:_identify(src/Autonomous_Indoor_Robot-ROS2) by extensions ['colcon_pkg']
[3.137s] Level 1:colcon.colcon_core.package_identification:_identify(src/Autonomous_Indoor_Robot-ROS2) by extension 'colcon_pkg'
[3.137s] Level 1:colcon.colcon_core.package_identification:_identify(src/Autonomous_Indoor_Robot-ROS2) by extensions ['colcon_meta']
[3.137s] Level 1:colcon.colcon_core.package_identification:_identify(src/Autonomous_Indoor_Robot-ROS2) by extension 'colcon_meta'
[3.138s] Level 1:colcon.colcon_core.package_identification:_identify(src/Autonomous_Indoor_Robot-ROS2) by extensions ['ros']
[3.138s] Level 1:colcon.colcon_core.package_identification:_identify(src/Autonomous_Indoor_Robot-ROS2) by extension 'ros'
[3.138s] Level 1:colcon.colcon_core.package_identification:_identify(src/Autonomous_Indoor_Robot-ROS2) by extensions ['cmake', 'python']
[3.138s] Level 1:colcon.colcon_core.package_identification:_identify(src/Autonomous_Indoor_Robot-ROS2) by extension 'cmake'
[3.138s] Level 1:colcon.colcon_core.package_identification:_identify(src/Autonomous_Indoor_Robot-ROS2) by extension 'python'
[3.138s] Level 1:colcon.colcon_core.package_identification:_identify(src/Autonomous_Indoor_Robot-ROS2) by extensions ['python_setup_py']
[3.138s] Level 1:colcon.colcon_core.package_identification:_identify(src/Autonomous_Indoor_Robot-ROS2) by extension 'python_setup_py'
[3.139s] Level 1:colcon.colcon_core.package_identification:_identify(src/Autonomous_Indoor_Robot-ROS2/build) by extensions ['ignore', 'ignore_ament_install']
[3.140s] Level 1:colcon.colcon_core.package_identification:_identify(src/Autonomous_Indoor_Robot-ROS2/build) by extension 'ignore'
[3.140s] Level 1:colcon.colcon_core.package_identification:_identify(src/Autonomous_Indoor_Robot-ROS2/build) ignored
[3.141s] Level 1:colcon.colcon_core.package_identification:_identify(src/Autonomous_Indoor_Robot-ROS2/install) by extensions ['ignore', 'ignore_ament_install']
[3.141s] Level 1:colcon.colcon_core.package_identification:_identify(src/Autonomous_Indoor_Robot-ROS2/install) by extension 'ignore'
[3.141s] Level 1:colcon.colcon_core.package_identification:_identify(src/Autonomous_Indoor_Robot-ROS2/install) ignored
[3.143s] Level 1:colcon.colcon_core.package_identification:_identify(src/Autonomous_Indoor_Robot-ROS2/log) by extensions ['ignore', 'ignore_ament_install']
[3.143s] Level 1:colcon.colcon_core.package_identification:_identify(src/Autonomous_Indoor_Robot-ROS2/log) by extension 'ignore'
[3.143s] Level 1:colcon.colcon_core.package_identification:_identify(src/Autonomous_Indoor_Robot-ROS2/log) ignored
[3.145s] Level 1:colcon.colcon_core.package_identification:_identify(src/Autonomous_Indoor_Robot-ROS2/src) by extensions ['ignore', 'ignore_ament_install']
[3.145s] Level 1:colcon.colcon_core.package_identification:_identify(src/Autonomous_Indoor_Robot-ROS2/src) by extension 'ignore'
[3.146s] Level 1:colcon.colcon_core.package_identification:_identify(src/Autonomous_Indoor_Robot-ROS2/src) by extension 'ignore_ament_install'
[3.146s] Level 1:colcon.colcon_core.package_identification:_identify(src/Autonomous_Indoor_Robot-ROS2/src) by extensions ['colcon_pkg']
[3.146s] Level 1:colcon.colcon_core.package_identification:_identify(src/Autonomous_Indoor_Robot-ROS2/src) by extension 'colcon_pkg'
[3.146s] Level 1:colcon.colcon_core.package_identification:_identify(src/Autonomous_Indoor_Robot-ROS2/src) by extensions ['colcon_meta']
[3.146s] Level 1:colcon.colcon_core.package_identification:_identify(src/Autonomous_Indoor_Robot-ROS2/src) by extension 'colcon_meta'
[3.146s] Level 1:colcon.colcon_core.package_identification:_identify(src/Autonomous_Indoor_Robot-ROS2/src) by extensions ['ros']
[3.146s] Level 1:colcon.colcon_core.package_identification:_identify(src/Autonomous_Indoor_Robot-ROS2/src) by extension 'ros'
[3.147s] Level 1:colcon.colcon_core.package_identification:_identify(src/Autonomous_Indoor_Robot-ROS2/src) by extensions ['cmake', 'python']
[3.148s] Level 1:colcon.colcon_core.package_identification:_identify(src/Autonomous_Indoor_Robot-ROS2/src) by extension 'cmake'
[3.148s] Level 1:colcon.colcon_core.package_identification:_identify(src/Autonomous_Indoor_Robot-ROS2/src) by extension 'python'
[3.148s] Level 1:colcon.colcon_core.package_identification:_identify(src/Autonomous_Indoor_Robot-ROS2/src) by extensions ['python_setup_py']
[3.148s] Level 1:colcon.colcon_core.package_identification:_identify(src/Autonomous_Indoor_Robot-ROS2/src) by extension 'python_setup_py'
[3.149s] Level 1:colcon.colcon_core.package_identification:_identify(src/Autonomous_Indoor_Robot-ROS2/src/indoor_robot) by extensions ['ignore', 'ignore_ament_install']
[3.149s] Level 1:colcon.colcon_core.package_identification:_identify(src/Autonomous_Indoor_Robot-ROS2/src/indoor_robot) by extension 'ignore'
[3.150s] Level 1:colcon.colcon_core.package_identification:_identify(src/Autonomous_Indoor_Robot-ROS2/src/indoor_robot) by extension 'ignore_ament_install'
[3.150s] Level 1:colcon.colcon_core.package_identification:_identify(src/Autonomous_Indoor_Robot-ROS2/src/indoor_robot) by extensions ['colcon_pkg']
[3.150s] Level 1:colcon.colcon_core.package_identification:_identify(src/Autonomous_Indoor_Robot-ROS2/src/indoor_robot) by extension 'colcon_pkg'
[3.150s] Level 1:colcon.colcon_core.package_identification:_identify(src/Autonomous_Indoor_Robot-ROS2/src/indoor_robot) by extensions ['colcon_meta']
[3.150s] Level 1:colcon.colcon_core.package_identification:_identify(src/Autonomous_Indoor_Robot-ROS2/src/indoor_robot) by extension 'colcon_meta'
[3.150s] Level 1:colcon.colcon_core.package_identification:_identify(src/Autonomous_Indoor_Robot-ROS2/src/indoor_robot) by extensions ['ros']
[3.150s] Level 1:colcon.colcon_core.package_identification:_identify(src/Autonomous_Indoor_Robot-ROS2/src/indoor_robot) by extension 'ros'
[3.167s] DEBUG:colcon.colcon_core.package_identification:Package 'src/Autonomous_Indoor_Robot-ROS2/src/indoor_robot' with type 'ros.ament_cmake' and name 'indoor_robot'
[3.169s] Level 1:colcon.colcon_core.package_identification:_identify(src/build) by extensions ['ignore', 'ignore_ament_install']
[3.170s] Level 1:colcon.colcon_core.package_identification:_identify(src/build) by extension 'ignore'
[3.170s] Level 1:colcon.colcon_core.package_identification:_identify(src/build) ignored
[3.171s] Level 1:colcon.colcon_core.package_identification:_identify(src/install) by extensions ['ignore', 'ignore_ament_install']
[3.171s] Level 1:colcon.colcon_core.package_identification:_identify(src/install) by extension 'ignore'
[3.171s] Level 1:colcon.colcon_core.package_identification:_identify(src/install) ignored
[3.172s] Level 1:colcon.colcon_core.package_identification:_identify(src/log) by extensions ['ignore', 'ignore_ament_install']
[3.172s] Level 1:colcon.colcon_core.package_identification:_identify(src/log) by extension 'ignore'
[3.173s] Level 1:colcon.colcon_core.package_identification:_identify(src/log) ignored
[3.173s] Level 1:colcon.colcon_core.package_discovery:discover_packages(recursive) using defaults
[3.173s] Level 1:colcon.colcon_core.package_discovery:discover_packages(ignore) discover
[3.173s] Level 1:colcon.colcon_core.package_discovery:discover_packages(ignore) using defaults
[3.173s] Level 1:colcon.colcon_core.package_discovery:discover_packages(path) discover
[3.173s] Level 1:colcon.colcon_core.package_discovery:discover_packages(path) using defaults
[3.304s] Level 1:colcon.colcon_core.package_discovery:discover_packages(prefix_path) check parameters
[3.305s] Level 1:colcon.colcon_core.package_discovery:discover_packages(prefix_path) discover
[3.328s] DEBUG:colcon.colcon_installed_package_information.package_discovery:Found 1 installed packages in /home/chinthan/ros2_ws/install
[3.332s] DEBUG:colcon.colcon_installed_package_information.package_discovery:Found 16 installed packages in /home/chinthan/turtlebot3_ws/install
[3.343s] DEBUG:colcon.colcon_installed_package_information.package_discovery:Found 410 installed packages in /opt/ros/humble
[3.352s] Level 1:colcon.colcon_core.package_discovery:discover_packages(prefix_path) using defaults
[3.995s] Level 5:colcon.colcon_core.verb:set package 'indoor_robot' build argument 'cmake_args' from command line to 'None'
[3.995s] Level 5:colcon.colcon_core.verb:set package 'indoor_robot' build argument 'cmake_target' from command line to 'None'
[3.995s] Level 5:colcon.colcon_core.verb:set package 'indoor_robot' build argument 'cmake_target_skip_unavailable' from command line to 'False'
[3.995s] Level 5:colcon.colcon_core.verb:set package 'indoor_robot' build argument 'cmake_clean_cache' from command line to 'False'
[3.996s] Level 5:colcon.colcon_core.verb:set package 'indoor_robot' build argument 'cmake_clean_first' from command line to 'False'
[3.996s] Level 5:colcon.colcon_core.verb:set package 'indoor_robot' build argument 'cmake_force_configure' from command line to 'False'
[3.996s] Level 5:colcon.colcon_core.verb:set package 'indoor_robot' build argument 'ament_cmake_args' from command line to 'None'
[3.996s] Level 5:colcon.colcon_core.verb:set package 'indoor_robot' build argument 'catkin_cmake_args' from command line to 'None'
[3.996s] Level 5:colcon.colcon_core.verb:set package 'indoor_robot' build argument 'catkin_skip_building_tests' from command line to 'False'
[3.996s] DEBUG:colcon.colcon_core.verb:Building package 'indoor_robot' with the following arguments: {'ament_cmake_args': None, 'build_base': '/home/chinthan/ros2_ws/build/indoor_robot', 'catkin_cmake_args': None, 'catkin_skip_building_tests': False, 'cmake_args': None, 'cmake_clean_cache': False, 'cmake_clean_first': False, 'cmake_force_configure': False, 'cmake_target': None, 'cmake_target_skip_unavailable': False, 'install_base': '/home/chinthan/ros2_ws/install/indoor_robot', 'merge_install': False, 'path': '/home/chinthan/ros2_ws/src/Autonomous_Indoor_Robot-ROS2/src/indoor_robot', 'symlink_install': False, 'test_result_base': None}
[3.996s] INFO:colcon.colcon_core.executor:Executing jobs using 'parallel' executor
[3.998s] DEBUG:colcon.colcon_parallel_executor.executor.parallel:run_until_complete
[3.999s] INFO:colcon.colcon_ros.task.ament_cmake.build:Building ROS package in '/home/chinthan/ros2_ws/src/Autonomous_Indoor_Robot-ROS2/src/indoor_robot' with build type 'ament_cmake'
[3.999s] INFO:colcon.colcon_cmake.task.cmake.build:Building CMake package in '/home/chinthan/ros2_ws/src/Autonomous_Indoor_Robot-ROS2/src/indoor_robot'
[4.016s] INFO:colcon.colcon_core.plugin_system:Skipping extension 'colcon_core.shell.bat': Not used on non-Windows systems
[4.017s] INFO:colcon.colcon_core.shell:Skip shell extension 'powershell' for command environment: Not usable outside of PowerShell
[4.017s] DEBUG:colcon.colcon_core.shell:Skip shell extension 'dsv' for command environment
[4.053s] DEBUG:colcon.colcon_core.event_handler.log_command:Invoking command in '/home/chinthan/ros2_ws/build/indoor_robot': CMAKE_PREFIX_PATH=${CMAKE_PREFIX_PATH}:/home/chinthan/turtlebot3_ws/install/turtlebot3_teleop:/home/chinthan/turtlebot3_ws/install/turtlebot3_example:/opt/ros/humble /usr/bin/cmake --build /home/chinthan/ros2_ws/build/indoor_robot -- -j2 -l2
[4.675s] DEBUG:colcon.colcon_core.event_handler.log_command:Invoked command in '/home/chinthan/ros2_ws/build/indoor_robot' returned '0': CMAKE_PREFIX_PATH=${CMAKE_PREFIX_PATH}:/home/chinthan/turtlebot3_ws/install/turtlebot3_teleop:/home/chinthan/turtlebot3_ws/install/turtlebot3_example:/opt/ros/humble /usr/bin/cmake --build /home/chinthan/ros2_ws/build/indoor_robot -- -j2 -l2
[4.725s] DEBUG:colcon.colcon_core.event_handler.log_command:Invoking command in '/home/chinthan/ros2_ws/build/indoor_robot': CMAKE_PREFIX_PATH=${CMAKE_PREFIX_PATH}:/home/chinthan/turtlebot3_ws/install/turtlebot3_teleop:/home/chinthan/turtlebot3_ws/install/turtlebot3_example:/opt/ros/humble /usr/bin/cmake --install /home/chinthan/ros2_ws/build/indoor_robot
[4.820s] Level 1:colcon.colcon_core.environment:create_environment_scripts_only(indoor_robot)
[4.828s] DEBUG:colcon.colcon_core.event_handler.log_command:Invoked command in '/home/chinthan/ros2_ws/build/indoor_robot' returned '0': CMAKE_PREFIX_PATH=${CMAKE_PREFIX_PATH}:/home/chinthan/turtlebot3_ws/install/turtlebot3_teleop:/home/chinthan/turtlebot3_ws/install/turtlebot3_example:/opt/ros/humble /usr/bin/cmake --install /home/chinthan/ros2_ws/build/indoor_robot
[4.857s] Level 1:colcon.colcon_core.environment:checking '/home/chinthan/ros2_ws/install/indoor_robot' for CMake module files
[4.862s] Level 1:colcon.colcon_core.environment:checking '/home/chinthan/ros2_ws/install/indoor_robot' for CMake config files
[4.872s] Level 1:colcon.colcon_core.shell:create_environment_hook('indoor_robot', 'cmake_prefix_path')
[4.873s] INFO:colcon.colcon_core.shell:Creating environment hook '/home/chinthan/ros2_ws/install/indoor_robot/share/indoor_robot/hook/cmake_prefix_path.ps1'
[4.876s] INFO:colcon.colcon_core.shell:Creating environment descriptor '/home/chinthan/ros2_ws/install/indoor_robot/share/indoor_robot/hook/cmake_prefix_path.dsv'
[4.878s] INFO:colcon.colcon_core.shell:Creating environment hook '/home/chinthan/ros2_ws/install/indoor_robot/share/indoor_robot/hook/cmake_prefix_path.sh'
[4.882s] Level 1:colcon.colcon_core.environment:checking '/home/chinthan/ros2_ws/install/indoor_robot/bin'
[4.882s] Level 1:colcon.colcon_core.environment:checking '/home/chinthan/ros2_ws/install/indoor_robot/lib/pkgconfig/indoor_robot.pc'
[4.883s] Level 1:colcon.colcon_core.environment:checking '/home/chinthan/ros2_ws/install/indoor_robot/lib/python3.10/site-packages'
[4.884s] Level 1:colcon.colcon_core.environment:checking '/home/chinthan/ros2_ws/install/indoor_robot/bin'
[4.885s] INFO:colcon.colcon_core.shell:Creating package script '/home/chinthan/ros2_ws/install/indoor_robot/share/indoor_robot/package.ps1'
[4.892s] INFO:colcon.colcon_core.shell:Creating package descriptor '/home/chinthan/ros2_ws/install/indoor_robot/share/indoor_robot/package.dsv'
[4.894s] INFO:colcon.colcon_core.shell:Creating package script '/home/chinthan/ros2_ws/install/indoor_robot/share/indoor_robot/package.sh'
[4.904s] INFO:colcon.colcon_core.shell:Creating package script '/home/chinthan/ros2_ws/install/indoor_robot/share/indoor_robot/package.bash'
[4.912s] INFO:colcon.colcon_core.shell:Creating package script '/home/chinthan/ros2_ws/install/indoor_robot/share/indoor_robot/package.zsh'
[4.923s] Level 1:colcon.colcon_core.environment:create_file_with_runtime_dependencies(/home/chinthan/ros2_ws/install/indoor_robot/share/colcon-core/packages/indoor_robot)
[4.925s] Level 1:colcon.colcon_core.environment:create_environment_scripts_only(indoor_robot)
[4.926s] Level 1:colcon.colcon_core.environment:checking '/home/chinthan/ros2_ws/install/indoor_robot' for CMake module files
[4.929s] Level 1:colcon.colcon_core.environment:checking '/home/chinthan/ros2_ws/install/indoor_robot' for CMake config files
[4.932s] Level 1:colcon.colcon_core.shell:create_environment_hook('indoor_robot', 'cmake_prefix_path')
[4.934s] INFO:colcon.colcon_core.shell:Creating environment hook '/home/chinthan/ros2_ws/install/indoor_robot/share/indoor_robot/hook/cmake_prefix_path.ps1'
[4.937s] INFO:colcon.colcon_core.shell:Creating environment descriptor '/home/chinthan/ros2_ws/install/indoor_robot/share/indoor_robot/hook/cmake_prefix_path.dsv'
[4.938s] INFO:colcon.colcon_core.shell:Creating environment hook '/home/chinthan/ros2_ws/install/indoor_robot/share/indoor_robot/hook/cmake_prefix_path.sh'
[4.940s] Level 1:colcon.colcon_core.environment:checking '/home/chinthan/ros2_ws/install/indoor_robot/bin'
[4.940s] Level 1:colcon.colcon_core.environment:checking '/home/chinthan/ros2_ws/install/indoor_robot/lib/pkgconfig/indoor_robot.pc'
[4.942s] Level 1:colcon.colcon_core.environment:checking '/home/chinthan/ros2_ws/install/indoor_robot/lib/python3.10/site-packages'
[4.944s] Level 1:colcon.colcon_core.environment:checking '/home/chinthan/ros2_ws/install/indoor_robot/bin'
[4.945s] INFO:colcon.colcon_core.shell:Creating package script '/home/chinthan/ros2_ws/install/indoor_robot/share/indoor_robot/package.ps1'
[4.948s] INFO:colcon.colcon_core.shell:Creating package descriptor '/home/chinthan/ros2_ws/install/indoor_robot/share/indoor_robot/package.dsv'
[4.950s] INFO:colcon.colcon_core.shell:Creating package script '/home/chinthan/ros2_ws/install/indoor_robot/share/indoor_robot/package.sh'
[4.951s] INFO:colcon.colcon_core.shell:Creating package script '/home/chinthan/ros2_ws/install/indoor_robot/share/indoor_robot/package.bash'
[4.953s] INFO:colcon.colcon_core.shell:Creating package script '/home/chinthan/ros2_ws/install/indoor_robot/share/indoor_robot/package.zsh'
[4.954s] Level 1:colcon.colcon_core.environment:create_file_with_runtime_dependencies(/home/chinthan/ros2_ws/install/indoor_robot/share/colcon-core/packages/indoor_robot)
[4.955s] DEBUG:colcon.colcon_parallel_executor.executor.parallel:closing loop
[4.955s] DEBUG:colcon.colcon_parallel_executor.executor.parallel:loop closed
[4.955s] DEBUG:colcon.colcon_parallel_executor.executor.parallel:run_until_complete finished with '0'
[4.956s] DEBUG:colcon.colcon_core.event_reactor:joining thread
[4.983s] INFO:colcon.colcon_core.plugin_system:Skipping extension 'colcon_notification.desktop_notification.terminal_notifier': Not used on non-Darwin systems
[4.984s] INFO:colcon.colcon_core.plugin_system:Skipping extension 'colcon_notification.desktop_notification.win32': Not used on non-Windows systems
[4.984s] INFO:colcon.colcon_notification.desktop_notification:Sending desktop notification using 'notify2'
[5.243s] DEBUG:colcon.colcon_core.event_reactor:joined thread
[5.245s] INFO:colcon.colcon_core.shell:Creating prefix script '/home/chinthan/ros2_ws/install/local_setup.ps1'
[5.252s] INFO:colcon.colcon_core.shell:Creating prefix util module '/home/chinthan/ros2_ws/install/_local_setup_util_ps1.py'
[5.261s] INFO:colcon.colcon_core.shell:Creating prefix chain script '/home/chinthan/ros2_ws/install/setup.ps1'
[5.273s] INFO:colcon.colcon_core.shell:Creating prefix script '/home/chinthan/ros2_ws/install/local_setup.sh'
[5.277s] INFO:colcon.colcon_core.shell:Creating prefix util module '/home/chinthan/ros2_ws/install/_local_setup_util_sh.py'
[5.284s] INFO:colcon.colcon_core.shell:Creating prefix chain script '/home/chinthan/ros2_ws/install/setup.sh'
[5.295s] INFO:colcon.colcon_core.shell:Creating prefix script '/home/chinthan/ros2_ws/install/local_setup.bash'
[5.300s] INFO:colcon.colcon_core.shell:Creating prefix chain script '/home/chinthan/ros2_ws/install/setup.bash'
[5.315s] INFO:colcon.colcon_core.shell:Creating prefix script '/home/chinthan/ros2_ws/install/local_setup.zsh'
[5.317s] INFO:colcon.colcon_core.shell:Creating prefix chain script '/home/chinthan/ros2_ws/install/setup.zsh'
