-- Install configuration: ""
-- Up-to-date: /home/chinthan/ros2_ws/install/indoor_robot/share/indoor_robot//launch
-- Up-to-date: /home/chinthan/ros2_ws/install/indoor_robot/share/indoor_robot//launch/slam.launch.py
-- Up-to-date: /home/chinthan/ros2_ws/install/indoor_robot/share/indoor_robot//launch/navigation_simple.launch.py
-- Up-to-date: /home/chinthan/ros2_ws/install/indoor_robot/share/indoor_robot//launch/gazebo.launch.py
-- Up-to-date: /home/chinthan/ros2_ws/install/indoor_robot/share/indoor_robot//launch/navigation.launch.py
-- Up-to-date: /home/chinthan/ros2_ws/install/indoor_robot/share/indoor_robot//worlds
-- Up-to-date: /home/chinthan/ros2_ws/install/indoor_robot/share/indoor_robot//worlds/warehouse.world
-- Up-to-date: /home/chinthan/ros2_ws/install/indoor_robot/share/indoor_robot//models
-- Up-to-date: /home/chinthan/ros2_ws/install/indoor_robot/share/indoor_robot//models/robot.urdf.xacro
-- Up-to-date: /home/chinthan/ros2_ws/install/indoor_robot/share/indoor_robot//config
-- Up-to-date: /home/chinthan/ros2_ws/install/indoor_robot/share/indoor_robot//config/frames_2026-02-11_16.29.37.gv
-- Up-to-date: /home/chinthan/ros2_ws/install/indoor_robot/share/indoor_robot//config/nav2_params.yaml
-- Up-to-date: /home/chinthan/ros2_ws/install/indoor_robot/share/indoor_robot//config/slam_params.yaml
-- Up-to-date: /home/chinthan/ros2_ws/install/indoor_robot/share/indoor_robot//config/nav2_params.yaml.save
-- Up-to-date: /home/chinthan/ros2_ws/install/indoor_robot/share/indoor_robot//config/frames_2026-02-11_16.29.37.pdf
-- Up-to-date: /home/chinthan/ros2_ws/install/indoor_robot/share/indoor_robot//rviz
-- Up-to-date: /home/chinthan/ros2_ws/install/indoor_robot/share/indoor_robot//rviz/slam.rviz
-- Up-to-date: /home/chinthan/ros2_ws/install/indoor_robot/share/indoor_robot//rviz/nav2.rviz
-- Up-to-date: /home/chinthan/ros2_ws/install/indoor_robot/share/indoor_robot//maps
-- Up-to-date: /home/chinthan/ros2_ws/install/indoor_robot/share/indoor_robot//maps/warehouse_map.pgm
-- Up-to-date: /home/chinthan/ros2_ws/install/indoor_robot/share/indoor_robot//maps/warehouse_map.yaml
-- Up-to-date: /home/chinthan/ros2_ws/install/indoor_robot/share/ament_index/resource_index/package_run_dependencies/indoor_robot
-- Up-to-date: /home/chinthan/ros2_ws/install/indoor_robot/share/ament_index/resource_index/parent_prefix_path/indoor_robot
-- Up-to-date: /home/chinthan/ros2_ws/install/indoor_robot/share/indoor_robot/environment/ament_prefix_path.sh
-- Up-to-date: /home/chinthan/ros2_ws/install/indoor_robot/share/indoor_robot/environment/ament_prefix_path.dsv
-- Up-to-date: /home/chinthan/ros2_ws/install/indoor_robot/share/indoor_robot/environment/path.sh
-- Up-to-date: /home/chinthan/ros2_ws/install/indoor_robot/share/indoor_robot/environment/path.dsv
-- Up-to-date: /home/chinthan/ros2_ws/install/indoor_robot/share/indoor_robot/local_setup.bash
-- Up-to-date: /home/chinthan/ros2_ws/install/indoor_robot/share/indoor_robot/local_setup.sh
-- Up-to-date: /home/chinthan/ros2_ws/install/indoor_robot/share/indoor_robot/local_setup.zsh
-- Up-to-date: /home/chinthan/ros2_ws/install/indoor_robot/share/indoor_robot/local_setup.dsv
-- Up-to-date: /home/chinthan/ros2_ws/install/indoor_robot/share/indoor_robot/package.dsv
-- Up-to-date: /home/chinthan/ros2_ws/install/indoor_robot/share/ament_index/resource_index/packages/indoor_robot
-- Up-to-date: /home/chinthan/ros2_ws/install/indoor_robot/share/indoor_robot/cmake/indoor_robotConfig.cmake
-- Up-to-date: /home/chinthan/ros2_ws/install/indoor_robot/share/indoor_robot/cmake/indoor_robotConfig-version.cmake
-- Up-to-date: /home/chinthan/ros2_ws/install/indoor_robot/share/indoor_robot/package.xml
