[0.991s] DEBUG:colcon:Command line arguments: ['/usr/bin/colcon', 'build', '--packages-select', 'indoor_robot']
[0.991s] DEBUG:colcon:Parsed command line arguments: Namespace(log_base=None, log_level=None, verb_name='build', build_base='build', install_base='install', merge_install=False, symlink_install=False, test_result_base=None, continue_on_error=False, executor='parallel', parallel_workers=2, event_handlers=None, ignore_user_meta=False, metas=['./colcon.meta'], base_paths=['.'], packages_ignore=None, packages_ignore_regex=None, paths=None, packages_up_to=None, packages_up_to_regex=None, packages_above=None, packages_above_and_dependencies=None, packages_above_depth=None, packages_select_by_dep=None, packages_skip_by_dep=None, packages_skip_up_to=None, packages_select_build_failed=False, packages_skip_build_finished=False, packages_select_test_failures=False, packages_skip_test_passed=False, packages_select=['indoor_robot'], packages_skip=None, packages_select_regex=None, packages_skip_regex=None, packages_start=None, packages_end=None, allow_overriding=[], cmake_args=None, cmake_target=None, cmake_target_skip_unavailable=False, cmake_clean_cache=False, cmake_clean_first=False, cmake_force_configure=False, ament_cmake_args=None, catkin_cmake_args=None, catkin_skip_building_tests=False, verb_parser=<colcon_defaults.argument_parser.defaults.DefaultArgumentsDecorator object at 0x7838db956230>, verb_extension=<colcon_core.verb.build.BuildVerb object at 0x7838dbacf010>, main=<bound method BuildVerb.main of <colcon_core.verb.build.BuildVerb object at 0x7838dbacf010>>)
[1.853s] Level 1:colcon.colcon_core.package_discovery:discover_packages(colcon_meta) check parameters
[1.854s] Level 1:colcon.colcon_core.package_discovery:discover_packages(recursive) check parameters
[1.854s] Level 1:colcon.colcon_core.package_discovery:discover_packages(ignore) check parameters
[1.854s] Level 1:colcon.colcon_core.package_discovery:discover_packages(path) check parameters
[1.854s] Level 1:colcon.colcon_core.package_discovery:discover_packages(colcon_meta) discover
[1.854s] Level 1:colcon.colcon_core.package_discovery:discover_packages(recursive) discover
[1.854s] INFO:colcon.colcon_core.package_discovery:Crawling recursively for packages in '/home/chinthan/ros2_ws'
[1.854s] Level 1:colcon.colcon_core.package_identification:_identify(.) by extensions ['ignore', 'ignore_ament_install']
[1.854s] Level 1:colcon.colcon_core.package_identification:_identify(.) by extension 'ignore'
[1.854s] Level 1:colcon.colcon_core.package_identification:_identify(.) by extension 'ignore_ament_install'
[1.854s] Level 1:colcon.colcon_core.package_identification:_identify(.) by extensions ['colcon_pkg']
[1.854s] Level 1:colcon.colcon_core.package_identification:_identify(.) by extension 'colcon_pkg'
[1.854s] Level 1:colcon.colcon_core.package_identification:_identify(.) by extensions ['colcon_meta']
[1.855s] Level 1:colcon.colcon_core.package_identification:_identify(.) by extension 'colcon_meta'
[1.855s] Level 1:colcon.colcon_core.package_identification:_identify(.) by extensions ['ros']
[1.855s] Level 1:colcon.colcon_core.package_identification:_identify(.) by extension 'ros'
[1.883s] Level 1:colcon.colcon_core.package_identification:_identify(.) by extensions ['cmake', 'python']
[1.883s] Level 1:colcon.colcon_core.package_identification:_identify(.) by extension 'cmake'
[1.883s] Level 1:colcon.colcon_core.package_identification:_identify(.) by extension 'python'
[1.884s] Level 1:colcon.colcon_core.package_identification:_identify(.) by extensions ['python_setup_py']
[1.884s] Level 1:colcon.colcon_core.package_identification:_identify(.) by extension 'python_setup_py'
[1.884s] Level 1:colcon.colcon_core.package_identification:_identify(build) by extensions ['ignore', 'ignore_ament_install']
[1.884s] Level 1:colcon.colcon_core.package_identification:_identify(build) by extension 'ignore'
[1.884s] Level 1:colcon.colcon_core.package_identification:_identify(build) ignored
[1.884s] Level 1:colcon.colcon_core.package_identification:_identify(install) by extensions ['ignore', 'ignore_ament_install']
[1.884s] Level 1:colcon.colcon_core.package_identification:_identify(install) by extension 'ignore'
[1.884s] Level 1:colcon.colcon_core.package_identification:_identify(install) ignored
[1.885s] Level 1:colcon.colcon_core.package_identification:_identify(log) by extensions ['ignore', 'ignore_ament_install']
[1.885s] Level 1:colcon.colcon_core.package_identification:_identify(log) by extension 'ignore'
[1.885s] Level 1:colcon.colcon_core.package_identification:_identify(log) ignored
[1.885s] Level 1:colcon.colcon_core.package_identification:_identify(src) by extensions ['ignore', 'ignore_ament_install']
[1.885s] Level 1:colcon.colcon_core.package_identification:_identify(src) by extension 'ignore'
[1.885s] Level 1:colcon.colcon_core.package_identification:_identify(src) by extension 'ignore_ament_install'
[1.885s] Level 1:colcon.colcon_core.package_identification:_identify(src) by extensions ['colcon_pkg']
[1.885s] Level 1:colcon.colcon_core.package_identification:_identify(src) by extension 'colcon_pkg'
[1.885s] Level 1:colcon.colcon_core.package_identification:_identify(src) by extensions ['colcon_meta']
[1.885s] Level 1:colcon.colcon_core.package_identification:_identify(src) by extension 'colcon_meta'
[1.886s] Level 1:colcon.colcon_core.package_identification:_identify(src) by extensions ['ros']
[1.886s] Level 1:colcon.colcon_core.package_identification:_identify(src) by extension 'ros'
[1.886s] Level 1:colcon.colcon_core.package_identification:_identify(src) by extensions ['cmake', 'python']
[1.886s] Level 1:colcon.colcon_core.package_identification:_identify(src) by extension 'cmake'
[1.886s] Level 1:colcon.colcon_core.package_identification:_identify(src) by extension 'python'
[1.886s] Level 1:colcon.colcon_core.package_identification:_identify(src) by extensions ['python_setup_py']
[1.886s] Level 1:colcon.colcon_core.package_identification:_identify(src) by extension 'python_setup_py'
[1.887s] Level 1:colcon.colcon_core.package_identification:_identify(src/Autonomous_Indoor_Robot-ROS2) by extensions ['ignore', 'ignore_ament_install']
[1.887s] Level 1:colcon.colcon_core.package_identification:_identify(src/Autonomous_Indoor_Robot-ROS2) by extension 'ignore'
[1.887s] Level 1:colcon.colcon_core.package_identification:_identify(src/Autonomous_Indoor_Robot-ROS2) by extension 'ignore_ament_install'
[1.887s] Level 1:colcon.colcon_core.package_identification:_identify(src/Autonomous_Indoor_Robot-ROS2) by extensions ['colcon_pkg']
[1.887s] Level 1:colcon.colcon_core.package_identification:_identify(src/Autonomous_Indoor_Robot-ROS2) by extension 'colcon_pkg'
[1.887s] Level 1:colcon.colcon_core.package_identification:_identify(src/Autonomous_Indoor_Robot-ROS2) by extensions ['colcon_meta']
[1.887s] Level 1:colcon.colcon_core.package_identification:_identify(src/Autonomous_Indoor_Robot-ROS2) by extension 'colcon_meta'
[1.887s] Level 1:colcon.colcon_core.package_identification:_identify(src/Autonomous_Indoor_Robot-ROS2) by extensions ['ros']
[1.888s] Level 1:colcon.colcon_core.package_identification:_identify(src/Autonomous_Indoor_Robot-ROS2) by extension 'ros'
[1.888s] Level 1:colcon.colcon_core.package_identification:_identify(src/Autonomous_Indoor_Robot-ROS2) by extensions ['cmake', 'python']
[1.888s] Level 1:colcon.colcon_core.package_identification:_identify(src/Autonomous_Indoor_Robot-ROS2) by extension 'cmake'
[1.888s] Level 1:colcon.colcon_core.package_identification:_identify(src/Autonomous_Indoor_Robot-ROS2) by extension 'python'
[1.888s] Level 1:colcon.colcon_core.package_identification:_identify(src/Autonomous_Indoor_Robot-ROS2) by extensions ['python_setup_py']
[1.888s] Level 1:colcon.colcon_core.package_identification:_identify(src/Autonomous_Indoor_Robot-ROS2) by extension 'python_setup_py'
[1.890s] Level 1:colcon.colcon_core.package_identification:_identify(src/Autonomous_Indoor_Robot-ROS2/build) by extensions ['ignore', 'ignore_ament_install']
[1.890s] Level 1:colcon.colcon_core.package_identification:_identify(src/Autonomous_Indoor_Robot-ROS2/build) by extension 'ignore'
[1.890s] Level 1:colcon.colcon_core.package_identification:_identify(src/Autonomous_Indoor_Robot-ROS2/build) ignored
[1.891s] Level 1:colcon.colcon_core.package_identification:_identify(src/Autonomous_Indoor_Robot-ROS2/install) by extensions ['ignore', 'ignore_ament_install']
[1.891s] Level 1:colcon.colcon_core.package_identification:_identify(src/Autonomous_Indoor_Robot-ROS2/install) by extension 'ignore'
[1.891s] Level 1:colcon.colcon_core.package_identification:_identify(src/Autonomous_Indoor_Robot-ROS2/install) ignored
[1.893s] Level 1:colcon.colcon_core.package_identification:_identify(src/Autonomous_Indoor_Robot-ROS2/log) by extensions ['ignore', 'ignore_ament_install']
[1.893s] Level 1:colcon.colcon_core.package_identification:_identify(src/Autonomous_Indoor_Robot-ROS2/log) by extension 'ignore'
[1.893s] Level 1:colcon.colcon_core.package_identification:_identify(src/Autonomous_Indoor_Robot-ROS2/log) ignored
[1.894s] Level 1:colcon.colcon_core.package_identification:_identify(src/Autonomous_Indoor_Robot-ROS2/src) by extensions ['ignore', 'ignore_ament_install']
[1.894s] Level 1:colcon.colcon_core.package_identification:_identify(src/Autonomous_Indoor_Robot-ROS2/src) by extension 'ignore'
[1.894s] Level 1:colcon.colcon_core.package_identification:_identify(src/Autonomous_Indoor_Robot-ROS2/src) by extension 'ignore_ament_install'
[1.894s] Level 1:colcon.colcon_core.package_identification:_identify(src/Autonomous_Indoor_Robot-ROS2/src) by extensions ['colcon_pkg']
[1.894s] Level 1:colcon.colcon_core.package_identification:_identify(src/Autonomous_Indoor_Robot-ROS2/src) by extension 'colcon_pkg'
[1.895s] Level 1:colcon.colcon_core.package_identification:_identify(src/Autonomous_Indoor_Robot-ROS2/src) by extensions ['colcon_meta']
[1.895s] Level 1:colcon.colcon_core.package_identification:_identify(src/Autonomous_Indoor_Robot-ROS2/src) by extension 'colcon_meta'
[1.895s] Level 1:colcon.colcon_core.package_identification:_identify(src/Autonomous_Indoor_Robot-ROS2/src) by extensions ['ros']
[1.895s] Level 1:colcon.colcon_core.package_identification:_identify(src/Autonomous_Indoor_Robot-ROS2/src) by extension 'ros'
[1.895s] Level 1:colcon.colcon_core.package_identification:_identify(src/Autonomous_Indoor_Robot-ROS2/src) by extensions ['cmake', 'python']
[1.895s] Level 1:colcon.colcon_core.package_identification:_identify(src/Autonomous_Indoor_Robot-ROS2/src) by extension 'cmake'
[1.895s] Level 1:colcon.colcon_core.package_identification:_identify(src/Autonomous_Indoor_Robot-ROS2/src) by extension 'python'
[1.895s] Level 1:colcon.colcon_core.package_identification:_identify(src/Autonomous_Indoor_Robot-ROS2/src) by extensions ['python_setup_py']
[1.895s] Level 1:colcon.colcon_core.package_identification:_identify(src/Autonomous_Indoor_Robot-ROS2/src) by extension 'python_setup_py'
[1.896s] Level 1:colcon.colcon_core.package_identification:_identify(src/Autonomous_Indoor_Robot-ROS2/src/indoor_robot) by extensions ['ignore', 'ignore_ament_install']
[1.897s] Level 1:colcon.colcon_core.package_identification:_identify(src/Autonomous_Indoor_Robot-ROS2/src/indoor_robot) by extension 'ignore'
[1.897s] Level 1:colcon.colcon_core.package_identification:_identify(src/Autonomous_Indoor_Robot-ROS2/src/indoor_robot) by extension 'ignore_ament_install'
[1.898s] Level 1:colcon.colcon_core.package_identification:_identify(src/Autonomous_Indoor_Robot-ROS2/src/indoor_robot) by extensions ['colcon_pkg']
[1.898s] Level 1:colcon.colcon_core.package_identification:_identify(src/Autonomous_Indoor_Robot-ROS2/src/indoor_robot) by extension 'colcon_pkg'
[1.898s] Level 1:colcon.colcon_core.package_identification:_identify(src/Autonomous_Indoor_Robot-ROS2/src/indoor_robot) by extensions ['colcon_meta']
[1.898s] Level 1:colcon.colcon_core.package_identification:_identify(src/Autonomous_Indoor_Robot-ROS2/src/indoor_robot) by extension 'colcon_meta'
[1.898s] Level 1:colcon.colcon_core.package_identification:_identify(src/Autonomous_Indoor_Robot-ROS2/src/indoor_robot) by extensions ['ros']
[1.898s] Level 1:colcon.colcon_core.package_identification:_identify(src/Autonomous_Indoor_Robot-ROS2/src/indoor_robot) by extension 'ros'
[1.908s] DEBUG:colcon.colcon_core.package_identification:Package 'src/Autonomous_Indoor_Robot-ROS2/src/indoor_robot' with type 'ros.ament_cmake' and name 'indoor_robot'
[1.909s] Level 1:colcon.colcon_core.package_identification:_identify(src/build) by extensions ['ignore', 'ignore_ament_install']
[1.909s] Level 1:colcon.colcon_core.package_identification:_identify(src/build) by extension 'ignore'
[1.909s] Level 1:colcon.colcon_core.package_identification:_identify(src/build) ignored
[1.910s] Level 1:colcon.colcon_core.package_identification:_identify(src/install) by extensions ['ignore', 'ignore_ament_install']
[1.910s] Level 1:colcon.colcon_core.package_identification:_identify(src/install) by extension 'ignore'
[1.910s] Level 1:colcon.colcon_core.package_identification:_identify(src/install) ignored
[1.911s] Level 1:colcon.colcon_core.package_identification:_identify(src/log) by extensions ['ignore', 'ignore_ament_install']
[1.912s] Level 1:colcon.colcon_core.package_identification:_identify(src/log) by extension 'ignore'
[1.912s] Level 1:colcon.colcon_core.package_identification:_identify(src/log) ignored
[1.912s] Level 1:colcon.colcon_core.package_discovery:discover_packages(recursive) using defaults
[1.912s] Level 1:colcon.colcon_core.package_discovery:discover_packages(ignore) discover
[1.912s] Level 1:colcon.colcon_core.package_discovery:discover_packages(ignore) using defaults
[1.913s] Level 1:colcon.colcon_core.package_discovery:discover_packages(path) discover
[1.913s] Level 1:colcon.colcon_core.package_discovery:discover_packages(path) using defaults
[2.004s] Level 1:colcon.colcon_core.package_discovery:discover_packages(prefix_path) check parameters
[2.004s] Level 1:colcon.colcon_core.package_discovery:discover_packages(prefix_path) discover
[2.028s] DEBUG:colcon.colcon_installed_package_information.package_discovery:Found 1 installed packages in /home/chinthan/ros2_ws/install
[2.031s] DEBUG:colcon.colcon_installed_package_information.package_discovery:Found 16 installed packages in /home/chinthan/turtlebot3_ws/install
[2.037s] DEBUG:colcon.colcon_installed_package_information.package_discovery:Found 410 installed packages in /opt/ros/humble
[2.043s] Level 1:colcon.colcon_core.package_discovery:discover_packages(prefix_path) using defaults
[2.512s] Level 5:colcon.colcon_core.verb:set package 'indoor_robot' build argument 'cmake_args' from command line to 'None'
[2.512s] Level 5:colcon.colcon_core.verb:set package 'indoor_robot' build argument 'cmake_target' from command line to 'None'
[2.512s] Level 5:colcon.colcon_core.verb:set package 'indoor_robot' build argument 'cmake_target_skip_unavailable' from command line to 'False'
[2.512s] Level 5:colcon.colcon_core.verb:set package 'indoor_robot' build argument 'cmake_clean_cache' from command line to 'False'
[2.512s] Level 5:colcon.colcon_core.verb:set package 'indoor_robot' build argument 'cmake_clean_first' from command line to 'False'
[2.512s] Level 5:colcon.colcon_core.verb:set package 'indoor_robot' build argument 'cmake_force_configure' from command line to 'False'
[2.513s] Level 5:colcon.colcon_core.verb:set package 'indoor_robot' build argument 'ament_cmake_args' from command line to 'None'
[2.513s] Level 5:colcon.colcon_core.verb:set package 'indoor_robot' build argument 'catkin_cmake_args' from command line to 'None'
[2.513s] Level 5:colcon.colcon_core.verb:set package 'indoor_robot' build argument 'catkin_skip_building_tests' from command line to 'False'
[2.513s] DEBUG:colcon.colcon_core.verb:Building package 'indoor_robot' with the following arguments: {'ament_cmake_args': None, 'build_base': '/home/chinthan/ros2_ws/build/indoor_robot', 'catkin_cmake_args': None, 'catkin_skip_building_tests': False, 'cmake_args': None, 'cmake_clean_cache': False, 'cmake_clean_first': False, 'cmake_force_configure': False, 'cmake_target': None, 'cmake_target_skip_unavailable': False, 'install_base': '/home/chinthan/ros2_ws/install/indoor_robot', 'merge_install': False, 'path': '/home/chinthan/ros2_ws/src/Autonomous_Indoor_Robot-ROS2/src/indoor_robot', 'symlink_install': False, 'test_result_base': None}
[2.513s] INFO:colcon.colcon_core.executor:Executing jobs using 'parallel' executor
[2.517s] DEBUG:colcon.colcon_parallel_executor.executor.parallel:run_until_complete
[2.518s] INFO:colcon.colcon_ros.task.ament_cmake.build:Building ROS package in '/home/chinthan/ros2_ws/src/Autonomous_Indoor_Robot-ROS2/src/indoor_robot' with build type 'ament_cmake'
[2.518s] INFO:colcon.colcon_cmake.task.cmake.build:Building CMake package in '/home/chinthan/ros2_ws/src/Autonomous_Indoor_Robot-ROS2/src/indoor_robot'
[2.538s] INFO:colcon.colcon_core.plugin_system:Skipping extension 'colcon_core.shell.bat': Not used on non-Windows systems
[2.539s] INFO:colcon.colcon_core.shell:Skip shell extension 'powershell' for command environment: Not usable outside of PowerShell
[2.539s] DEBUG:colcon.colcon_core.shell:Skip shell extension 'dsv' for command environment
[2.568s] DEBUG:colcon.colcon_core.event_handler.log_command:Invoking command in '/home/chinthan/ros2_ws/build/indoor_robot': CMAKE_PREFIX_PATH=${CMAKE_PREFIX_PATH}:/home/chinthan/turtlebot3_ws/install/turtlebot3_teleop:/home/chinthan/turtlebot3_ws/install/turtlebot3_example:/opt/ros/humble /usr/bin/cmake --build /home/chinthan/ros2_ws/build/indoor_robot -- -j2 -l2
[2.967s] DEBUG:colcon.colcon_core.event_handler.log_command:Invoked command in '/home/chinthan/ros2_ws/build/indoor_robot' returned '0': CMAKE_PREFIX_PATH=${CMAKE_PREFIX_PATH}:/home/chinthan/turtlebot3_ws/install/turtlebot3_teleop:/home/chinthan/turtlebot3_ws/install/turtlebot3_example:/opt/ros/humble /usr/bin/cmake --build /home/chinthan/ros2_ws/build/indoor_robot -- -j2 -l2
[3.004s] DEBUG:colcon.colcon_core.event_handler.log_command:Invoking command in '/home/chinthan/ros2_ws/build/indoor_robot': CMAKE_PREFIX_PATH=${CMAKE_PREFIX_PATH}:/home/chinthan/turtlebot3_ws/install/turtlebot3_teleop:/home/chinthan/turtlebot3_ws/install/turtlebot3_example:/opt/ros/humble /usr/bin/cmake --install /home/chinthan/ros2_ws/build/indoor_robot
[3.060s] Level 1:colcon.colcon_core.environment:create_environment_scripts_only(indoor_robot)
[3.061s] DEBUG:colcon.colcon_core.event_handler.log_command:Invoked command in '/home/chinthan/ros2_ws/build/indoor_robot' returned '0': CMAKE_PREFIX_PATH=${CMAKE_PREFIX_PATH}:/home/chinthan/turtlebot3_ws/install/turtlebot3_teleop:/home/chinthan/turtlebot3_ws/install/turtlebot3_example:/opt/ros/humble /usr/bin/cmake --install /home/chinthan/ros2_ws/build/indoor_robot
[3.074s] Level 1:colcon.colcon_core.environment:checking '/home/chinthan/ros2_ws/install/indoor_robot' for CMake module files
[3.075s] Level 1:colcon.colcon_core.environment:checking '/home/chinthan/ros2_ws/install/indoor_robot' for CMake config files
[3.079s] Level 1:colcon.colcon_core.shell:create_environment_hook('indoor_robot', 'cmake_prefix_path')
[3.080s] INFO:colcon.colcon_core.shell:Creating environment hook '/home/chinthan/ros2_ws/install/indoor_robot/share/indoor_robot/hook/cmake_prefix_path.ps1'
[3.084s] INFO:colcon.colcon_core.shell:Creating environment descriptor '/home/chinthan/ros2_ws/install/indoor_robot/share/indoor_robot/hook/cmake_prefix_path.dsv'
[3.087s] INFO:colcon.colcon_core.shell:Creating environment hook '/home/chinthan/ros2_ws/install/indoor_robot/share/indoor_robot/hook/cmake_prefix_path.sh'
[3.092s] Level 1:colcon.colcon_core.environment:checking '/home/chinthan/ros2_ws/install/indoor_robot/bin'
[3.092s] Level 1:colcon.colcon_core.environment:checking '/home/chinthan/ros2_ws/install/indoor_robot/lib/pkgconfig/indoor_robot.pc'
[3.093s] Level 1:colcon.colcon_core.environment:checking '/home/chinthan/ros2_ws/install/indoor_robot/lib/python3.10/site-packages'
[3.097s] Level 1:colcon.colcon_core.environment:checking '/home/chinthan/ros2_ws/install/indoor_robot/bin'
[3.098s] INFO:colcon.colcon_core.shell:Creating package script '/home/chinthan/ros2_ws/install/indoor_robot/share/indoor_robot/package.ps1'
[3.101s] INFO:colcon.colcon_core.shell:Creating package descriptor '/home/chinthan/ros2_ws/install/indoor_robot/share/indoor_robot/package.dsv'
[3.102s] INFO:colcon.colcon_core.shell:Creating package script '/home/chinthan/ros2_ws/install/indoor_robot/share/indoor_robot/package.sh'
[3.104s] INFO:colcon.colcon_core.shell:Creating package script '/home/chinthan/ros2_ws/install/indoor_robot/share/indoor_robot/package.bash'
[3.108s] INFO:colcon.colcon_core.shell:Creating package script '/home/chinthan/ros2_ws/install/indoor_robot/share/indoor_robot/package.zsh'
[3.110s] Level 1:colcon.colcon_core.environment:create_file_with_runtime_dependencies(/home/chinthan/ros2_ws/install/indoor_robot/share/colcon-core/packages/indoor_robot)
[3.111s] Level 1:colcon.colcon_core.environment:create_environment_scripts_only(indoor_robot)
[3.111s] Level 1:colcon.colcon_core.environment:checking '/home/chinthan/ros2_ws/install/indoor_robot' for CMake module files
[3.112s] Level 1:colcon.colcon_core.environment:checking '/home/chinthan/ros2_ws/install/indoor_robot' for CMake config files
[3.114s] Level 1:colcon.colcon_core.shell:create_environment_hook('indoor_robot', 'cmake_prefix_path')
[3.115s] INFO:colcon.colcon_core.shell:Creating environment hook '/home/chinthan/ros2_ws/install/indoor_robot/share/indoor_robot/hook/cmake_prefix_path.ps1'
[3.116s] INFO:colcon.colcon_core.shell:Creating environment descriptor '/home/chinthan/ros2_ws/install/indoor_robot/share/indoor_robot/hook/cmake_prefix_path.dsv'
[3.116s] INFO:colcon.colcon_core.shell:Creating environment hook '/home/chinthan/ros2_ws/install/indoor_robot/share/indoor_robot/hook/cmake_prefix_path.sh'
[3.117s] Level 1:colcon.colcon_core.environment:checking '/home/chinthan/ros2_ws/install/indoor_robot/bin'
[3.117s] Level 1:colcon.colcon_core.environment:checking '/home/chinthan/ros2_ws/install/indoor_robot/lib/pkgconfig/indoor_robot.pc'
[3.118s] Level 1:colcon.colcon_core.environment:checking '/home/chinthan/ros2_ws/install/indoor_robot/lib/python3.10/site-packages'
[3.118s] Level 1:colcon.colcon_core.environment:checking '/home/chinthan/ros2_ws/install/indoor_robot/bin'
[3.119s] INFO:colcon.colcon_core.shell:Creating package script '/home/chinthan/ros2_ws/install/indoor_robot/share/indoor_robot/package.ps1'
[3.120s] INFO:colcon.colcon_core.shell:Creating package descriptor '/home/chinthan/ros2_ws/install/indoor_robot/share/indoor_robot/package.dsv'
[3.120s] INFO:colcon.colcon_core.shell:Creating package script '/home/chinthan/ros2_ws/install/indoor_robot/share/indoor_robot/package.sh'
[3.121s] INFO:colcon.colcon_core.shell:Creating package script '/home/chinthan/ros2_ws/install/indoor_robot/share/indoor_robot/package.bash'
[3.122s] INFO:colcon.colcon_core.shell:Creating package script '/home/chinthan/ros2_ws/install/indoor_robot/share/indoor_robot/package.zsh'
[3.123s] Level 1:colcon.colcon_core.environment:create_file_with_runtime_dependencies(/home/chinthan/ros2_ws/install/indoor_robot/share/colcon-core/packages/indoor_robot)
[3.124s] DEBUG:colcon.colcon_parallel_executor.executor.parallel:closing loop
[3.124s] DEBUG:colcon.colcon_parallel_executor.executor.parallel:loop closed
[3.124s] DEBUG:colcon.colcon_parallel_executor.executor.parallel:run_until_complete finished with '0'
[3.124s] DEBUG:colcon.colcon_core.event_reactor:joining thread
[3.165s] INFO:colcon.colcon_core.plugin_system:Skipping extension 'colcon_notification.desktop_notification.terminal_notifier': Not used on non-Darwin systems
[3.166s] INFO:colcon.colcon_core.plugin_system:Skipping extension 'colcon_notification.desktop_notification.win32': Not used on non-Windows systems
[3.166s] INFO:colcon.colcon_notification.desktop_notification:Sending desktop notification using 'notify2'
[3.397s] DEBUG:colcon.colcon_core.event_reactor:joined thread
[3.398s] INFO:colcon.colcon_core.shell:Creating prefix script '/home/chinthan/ros2_ws/install/local_setup.ps1'
[3.402s] INFO:colcon.colcon_core.shell:Creating prefix util module '/home/chinthan/ros2_ws/install/_local_setup_util_ps1.py'
[3.410s] INFO:colcon.colcon_core.shell:Creating prefix chain script '/home/chinthan/ros2_ws/install/setup.ps1'
[3.416s] INFO:colcon.colcon_core.shell:Creating prefix script '/home/chinthan/ros2_ws/install/local_setup.sh'
[3.419s] INFO:colcon.colcon_core.shell:Creating prefix util module '/home/chinthan/ros2_ws/install/_local_setup_util_sh.py'
[3.422s] INFO:colcon.colcon_core.shell:Creating prefix chain script '/home/chinthan/ros2_ws/install/setup.sh'
[3.427s] INFO:colcon.colcon_core.shell:Creating prefix script '/home/chinthan/ros2_ws/install/local_setup.bash'
[3.431s] INFO:colcon.colcon_core.shell:Creating prefix chain script '/home/chinthan/ros2_ws/install/setup.bash'
[3.440s] INFO:colcon.colcon_core.shell:Creating prefix script '/home/chinthan/ros2_ws/install/local_setup.zsh'
[3.445s] INFO:colcon.colcon_core.shell:Creating prefix chain script '/home/chinthan/ros2_ws/install/setup.zsh'
