[0.041s] Invoking command in '/home/chinthan/ros2_ws/src/build/indoor_robot': CMAKE_PREFIX_PATH=${CMAKE_PREFIX_PATH}:/home/chinthan/turtlebot3_ws/install/turtlebot3_teleop:/home/chinthan/turtlebot3_ws/install/turtlebot3_example:/opt/ros/humble /usr/bin/cmake /home/chinthan/ros2_ws/src/Autonomous_Indoor_Robot-ROS2/src/indoor_robot -DCMAKE_INSTALL_PREFIX=/home/chinthan/ros2_ws/src/install/indoor_robot
[0.456s] -- The C compiler identification is GNU 11.4.0
[0.719s] -- The CXX compiler identification is GNU 11.4.0
[0.746s] -- Detecting C compiler ABI info
[0.870s] -- Detecting C compiler ABI info - done
[0.889s] -- Check for working C compiler: /usr/bin/cc - skipped
[0.890s] -- Detecting C compile features
[0.893s] -- Detecting C compile features - done
[0.904s] -- Detecting CXX compiler ABI info
[1.051s] -- Detecting CXX compiler ABI info - done
[1.068s] -- Check for working CXX compiler: /usr/bin/c++ - skipped
[1.069s] -- Detecting CXX compile features
[1.070s] -- Detecting CXX compile features - done
[1.095s] -- Found ament_cmake: 1.3.12 (/opt/ros/humble/share/ament_cmake/cmake)
[1.447s] -- Found Python3: /usr/bin/python3 (found version "3.10.12") found components: Interpreter 
[1.774s] -- Found rclcpp: 16.0.17 (/opt/ros/humble/share/rclcpp/cmake)
[1.942s] -- Found rosidl_generator_c: 3.1.8 (/opt/ros/humble/share/rosidl_generator_c/cmake)
[1.969s] -- Found rosidl_adapter: 3.1.8 (/opt/ros/humble/share/rosidl_adapter/cmake)
[2.002s] -- Found rosidl_generator_cpp: 3.1.8 (/opt/ros/humble/share/rosidl_generator_cpp/cmake)
[2.051s] -- Using all available rosidl_typesupport_c: rosidl_typesupport_fastrtps_c;rosidl_typesupport_introspection_c
[2.109s] -- Using all available rosidl_typesupport_cpp: rosidl_typesupport_fastrtps_cpp;rosidl_typesupport_introspection_cpp
[2.303s] -- Found rmw_implementation_cmake: 6.1.2 (/opt/ros/humble/share/rmw_implementation_cmake/cmake)
[2.316s] -- Found rmw_fastrtps_cpp: 6.2.9 (/opt/ros/humble/share/rmw_fastrtps_cpp/cmake)
[2.539s] -- Found OpenSSL: /usr/lib/x86_64-linux-gnu/libcrypto.so (found version "3.0.2")  
[2.597s] -- Found FastRTPS: /opt/ros/humble/include  
[2.681s] -- Using RMW implementation 'rmw_fastrtps_cpp' as default
[2.717s] -- Looking for pthread.h
[2.886s] -- Looking for pthread.h - found
[2.886s] -- Performing Test CMAKE_HAVE_LIBC_PTHREAD
[3.012s] -- Performing Test CMAKE_HAVE_LIBC_PTHREAD - Success
[3.014s] -- Found Threads: TRUE  
[3.234s] -- Found rclpy: 3.3.19 (/opt/ros/humble/share/rclpy/cmake)
[3.239s] -- Found geometry_msgs: 4.9.0 (/opt/ros/humble/share/geometry_msgs/cmake)
[3.291s] -- Found sensor_msgs: 4.9.0 (/opt/ros/humble/share/sensor_msgs/cmake)
[3.362s] -- Found nav_msgs: 4.9.0 (/opt/ros/humble/share/nav_msgs/cmake)
[3.428s] -- Found tf2: 0.25.18 (/opt/ros/humble/share/tf2/cmake)
[3.462s] -- Found tf2_ros: 0.25.19 (/opt/ros/humble/share/tf2_ros/cmake)
[3.817s] -- Found ament_lint_auto: 0.12.14 (/opt/ros/humble/share/ament_lint_auto/cmake)
[4.018s] -- Added test 'flake8' to check Python code syntax and style conventions
[4.020s] -- Added test 'lint_cmake' to check CMake code style
[4.022s] -- Added test 'pep257' to check Python code against some of the docstring style conventions in PEP 257
[4.027s] -- Added test 'xmllint' to check XML markup files
[4.031s] -- Configuring done
[4.038s] -- Generating done
[4.044s] -- Build files have been written to: /home/chinthan/ros2_ws/src/build/indoor_robot
[4.065s] Invoked command in '/home/chinthan/ros2_ws/src/build/indoor_robot' returned '0': CMAKE_PREFIX_PATH=${CMAKE_PREFIX_PATH}:/home/chinthan/turtlebot3_ws/install/turtlebot3_teleop:/home/chinthan/turtlebot3_ws/install/turtlebot3_example:/opt/ros/humble /usr/bin/cmake /home/chinthan/ros2_ws/src/Autonomous_Indoor_Robot-ROS2/src/indoor_robot -DCMAKE_INSTALL_PREFIX=/home/chinthan/ros2_ws/src/install/indoor_robot
[4.071s] Invoking command in '/home/chinthan/ros2_ws/src/build/indoor_robot': CMAKE_PREFIX_PATH=${CMAKE_PREFIX_PATH}:/home/chinthan/turtlebot3_ws/install/turtlebot3_teleop:/home/chinthan/turtlebot3_ws/install/turtlebot3_example:/opt/ros/humble /usr/bin/cmake --build /home/chinthan/ros2_ws/src/build/indoor_robot -- -j2 -l2
[4.136s] Invoked command in '/home/chinthan/ros2_ws/src/build/indoor_robot' returned '0': CMAKE_PREFIX_PATH=${CMAKE_PREFIX_PATH}:/home/chinthan/turtlebot3_ws/install/turtlebot3_teleop:/home/chinthan/turtlebot3_ws/install/turtlebot3_example:/opt/ros/humble /usr/bin/cmake --build /home/chinthan/ros2_ws/src/build/indoor_robot -- -j2 -l2
[4.150s] Invoking command in '/home/chinthan/ros2_ws/src/build/indoor_robot': CMAKE_PREFIX_PATH=${CMAKE_PREFIX_PATH}:/home/chinthan/turtlebot3_ws/install/turtlebot3_teleop:/home/chinthan/turtlebot3_ws/install/turtlebot3_example:/opt/ros/humble /usr/bin/cmake --install /home/chinthan/ros2_ws/src/build/indoor_robot
[4.166s] -- Install configuration: ""
[4.168s] -- Installing: /home/chinthan/ros2_ws/src/install/indoor_robot/share/indoor_robot//launch
[4.168s] -- Installing: /home/chinthan/ros2_ws/src/install/indoor_robot/share/indoor_robot//launch/slam.launch.py
[4.168s] -- Installing: /home/chinthan/ros2_ws/src/install/indoor_robot/share/indoor_robot//launch/navigation_simple.launch.py
[4.168s] -- Installing: /home/chinthan/ros2_ws/src/install/indoor_robot/share/indoor_robot//launch/gazebo.launch.py
[4.168s] -- Installing: /home/chinthan/ros2_ws/src/install/indoor_robot/share/indoor_robot//launch/navigation.launch.py
[4.168s] -- Installing: /home/chinthan/ros2_ws/src/install/indoor_robot/share/indoor_robot//worlds
[4.169s] -- Installing: /home/chinthan/ros2_ws/src/install/indoor_robot/share/indoor_robot//worlds/warehouse.world
[4.169s] -- Installing: /home/chinthan/ros2_ws/src/install/indoor_robot/share/indoor_robot//models
[4.169s] -- Installing: /home/chinthan/ros2_ws/src/install/indoor_robot/share/indoor_robot//models/robot.urdf.xacro
[4.169s] -- Installing: /home/chinthan/ros2_ws/src/install/indoor_robot/share/indoor_robot//config
[4.169s] -- Installing: /home/chinthan/ros2_ws/src/install/indoor_robot/share/indoor_robot//config/frames_2026-02-11_16.29.37.gv
[4.169s] -- Installing: /home/chinthan/ros2_ws/src/install/indoor_robot/share/indoor_robot//config/nav2_params.yaml
[4.169s] -- Installing: /home/chinthan/ros2_ws/src/install/indoor_robot/share/indoor_robot//config/slam_params.yaml
[4.170s] -- Installing: /home/chinthan/ros2_ws/src/install/indoor_robot/share/indoor_robot//config/nav2_params.yaml.save
[4.173s] -- Installing: /home/chinthan/ros2_ws/src/install/indoor_robot/share/indoor_robot//config/frames_2026-02-11_16.29.37.pdf
[4.173s] -- Installing: /home/chinthan/ros2_ws/src/install/indoor_robot/share/indoor_robot//rviz
[4.174s] -- Installing: /home/chinthan/ros2_ws/src/install/indoor_robot/share/indoor_robot//rviz/slam.rviz
[4.174s] -- Installing: /home/chinthan/ros2_ws/src/install/indoor_robot/share/indoor_robot//rviz/nav2.rviz
[4.174s] -- Installing: /home/chinthan/ros2_ws/src/install/indoor_robot/share/indoor_robot//maps
[4.174s] -- Installing: /home/chinthan/ros2_ws/src/install/indoor_robot/share/indoor_robot//maps/warehouse_map.pgm
[4.174s] -- Installing: /home/chinthan/ros2_ws/src/install/indoor_robot/share/indoor_robot//maps/warehouse_map.yaml
[4.174s] -- Installing: /home/chinthan/ros2_ws/src/install/indoor_robot/share/ament_index/resource_index/package_run_dependencies/indoor_robot
[4.174s] -- Installing: /home/chinthan/ros2_ws/src/install/indoor_robot/share/ament_index/resource_index/parent_prefix_path/indoor_robot
[4.175s] -- Installing: /home/chinthan/ros2_ws/src/install/indoor_robot/share/indoor_robot/environment/ament_prefix_path.sh
[4.175s] -- Installing: /home/chinthan/ros2_ws/src/install/indoor_robot/share/indoor_robot/environment/ament_prefix_path.dsv
[4.175s] -- Installing: /home/chinthan/ros2_ws/src/install/indoor_robot/share/indoor_robot/environment/path.sh
[4.175s] -- Installing: /home/chinthan/ros2_ws/src/install/indoor_robot/share/indoor_robot/environment/path.dsv
[4.175s] -- Installing: /home/chinthan/ros2_ws/src/install/indoor_robot/share/indoor_robot/local_setup.bash
[4.175s] -- Installing: /home/chinthan/ros2_ws/src/install/indoor_robot/share/indoor_robot/local_setup.sh
[4.176s] -- Installing: /home/chinthan/ros2_ws/src/install/indoor_robot/share/indoor_robot/local_setup.zsh
[4.176s] -- Installing: /home/chinthan/ros2_ws/src/install/indoor_robot/share/indoor_robot/local_setup.dsv
[4.176s] -- Installing: /home/chinthan/ros2_ws/src/install/indoor_robot/share/indoor_robot/package.dsv
[4.176s] -- Installing: /home/chinthan/ros2_ws/src/install/indoor_robot/share/ament_index/resource_index/packages/indoor_robot
[4.176s] -- Installing: /home/chinthan/ros2_ws/src/install/indoor_robot/share/indoor_robot/cmake/indoor_robotConfig.cmake
[4.177s] -- Installing: /home/chinthan/ros2_ws/src/install/indoor_robot/share/indoor_robot/cmake/indoor_robotConfig-version.cmake
[4.177s] -- Installing: /home/chinthan/ros2_ws/src/install/indoor_robot/share/indoor_robot/package.xml
[4.180s] Invoked command in '/home/chinthan/ros2_ws/src/build/indoor_robot' returned '0': CMAKE_PREFIX_PATH=${CMAKE_PREFIX_PATH}:/home/chinthan/turtlebot3_ws/install/turtlebot3_teleop:/home/chinthan/turtlebot3_ws/install/turtlebot3_example:/opt/ros/humble /usr/bin/cmake --install /home/chinthan/ros2_ws/src/build/indoor_robot
