[0.045s] Invoking command in '/home/chinthan/ros2_ws/build/indoor_robot': CMAKE_PREFIX_PATH=${CMAKE_PREFIX_PATH}:/home/chinthan/turtlebot3_ws/install/turtlebot3_teleop:/home/chinthan/turtlebot3_ws/install/turtlebot3_example:/opt/ros/humble /usr/bin/cmake /home/chinthan/ros2_ws/src/Autonomous_Indoor_Robot-ROS2/src/indoor_robot -DCMAKE_INSTALL_PREFIX=/home/chinthan/ros2_ws/install/indoor_robot
[0.509s] -- The C compiler identification is GNU 11.4.0
[0.791s] -- The CXX compiler identification is GNU 11.4.0
[0.822s] -- Detecting C compiler ABI info
[0.977s] -- Detecting C compiler ABI info - done
[0.996s] -- Check for working C compiler: /usr/bin/cc - skipped
[0.997s] -- Detecting C compile features
[1.000s] -- Detecting C compile features - done
[1.010s] -- Detecting CXX compiler ABI info
[1.170s] -- Detecting CXX compiler ABI info - done
[1.193s] -- Check for working CXX compiler: /usr/bin/c++ - skipped
[1.193s] -- Detecting CXX compile features
[1.194s] -- Detecting CXX compile features - done
[1.238s] -- Found ament_cmake: 1.3.12 (/opt/ros/humble/share/ament_cmake/cmake)
[1.597s] -- Found Python3: /usr/bin/python3 (found version "3.10.12") found components: Interpreter 
[1.902s] -- Found rclcpp: 16.0.17 (/opt/ros/humble/share/rclcpp/cmake)
[2.129s] -- Found rosidl_generator_c: 3.1.8 (/opt/ros/humble/share/rosidl_generator_c/cmake)
[2.158s] -- Found rosidl_adapter: 3.1.8 (/opt/ros/humble/share/rosidl_adapter/cmake)
[2.194s] -- Found rosidl_generator_cpp: 3.1.8 (/opt/ros/humble/share/rosidl_generator_cpp/cmake)
[2.261s] -- Using all available rosidl_typesupport_c: rosidl_typesupport_fastrtps_c;rosidl_typesupport_introspection_c
[2.373s] -- Using all available rosidl_typesupport_cpp: rosidl_typesupport_fastrtps_cpp;rosidl_typesupport_introspection_cpp
[2.612s] -- Found rmw_implementation_cmake: 6.1.2 (/opt/ros/humble/share/rmw_implementation_cmake/cmake)
[2.625s] -- Found rmw_fastrtps_cpp: 6.2.9 (/opt/ros/humble/share/rmw_fastrtps_cpp/cmake)
[2.904s] -- Found OpenSSL: /usr/lib/x86_64-linux-gnu/libcrypto.so (found version "3.0.2")  
[2.972s] -- Found FastRTPS: /opt/ros/humble/include  
[3.061s] -- Using RMW implementation 'rmw_fastrtps_cpp' as default
[3.100s] -- Looking for pthread.h
[3.259s] -- Looking for pthread.h - found
[3.260s] -- Performing Test CMAKE_HAVE_LIBC_PTHREAD
[3.392s] -- Performing Test CMAKE_HAVE_LIBC_PTHREAD - Success
[3.395s] -- Found Threads: TRUE  
[3.624s] -- Found rclpy: 3.3.19 (/opt/ros/humble/share/rclpy/cmake)
[3.631s] -- Found geometry_msgs: 4.9.0 (/opt/ros/humble/share/geometry_msgs/cmake)
[3.694s] -- Found sensor_msgs: 4.9.0 (/opt/ros/humble/share/sensor_msgs/cmake)
[3.764s] -- Found nav_msgs: 4.9.0 (/opt/ros/humble/share/nav_msgs/cmake)
[3.845s] -- Found tf2: 0.25.18 (/opt/ros/humble/share/tf2/cmake)
[3.884s] -- Found tf2_ros: 0.25.19 (/opt/ros/humble/share/tf2_ros/cmake)
[4.267s] -- Found ament_lint_auto: 0.12.14 (/opt/ros/humble/share/ament_lint_auto/cmake)
[4.491s] -- Added test 'flake8' to check Python code syntax and style conventions
[4.495s] -- Added test 'lint_cmake' to check CMake code style
[4.496s] -- Added test 'pep257' to check Python code against some of the docstring style conventions in PEP 257
[4.502s] -- Added test 'xmllint' to check XML markup files
[4.507s] -- Configuring done
[4.516s] -- Generating done
[4.522s] -- Build files have been written to: /home/chinthan/ros2_ws/build/indoor_robot
[4.538s] Invoked command in '/home/chinthan/ros2_ws/build/indoor_robot' returned '0': CMAKE_PREFIX_PATH=${CMAKE_PREFIX_PATH}:/home/chinthan/turtlebot3_ws/install/turtlebot3_teleop:/home/chinthan/turtlebot3_ws/install/turtlebot3_example:/opt/ros/humble /usr/bin/cmake /home/chinthan/ros2_ws/src/Autonomous_Indoor_Robot-ROS2/src/indoor_robot -DCMAKE_INSTALL_PREFIX=/home/chinthan/ros2_ws/install/indoor_robot
[4.542s] Invoking command in '/home/chinthan/ros2_ws/build/indoor_robot': CMAKE_PREFIX_PATH=${CMAKE_PREFIX_PATH}:/home/chinthan/turtlebot3_ws/install/turtlebot3_teleop:/home/chinthan/turtlebot3_ws/install/turtlebot3_example:/opt/ros/humble /usr/bin/cmake --build /home/chinthan/ros2_ws/build/indoor_robot -- -j2 -l2
[4.610s] Invoked command in '/home/chinthan/ros2_ws/build/indoor_robot' returned '0': CMAKE_PREFIX_PATH=${CMAKE_PREFIX_PATH}:/home/chinthan/turtlebot3_ws/install/turtlebot3_teleop:/home/chinthan/turtlebot3_ws/install/turtlebot3_example:/opt/ros/humble /usr/bin/cmake --build /home/chinthan/ros2_ws/build/indoor_robot -- -j2 -l2
[4.626s] Invoking command in '/home/chinthan/ros2_ws/build/indoor_robot': CMAKE_PREFIX_PATH=${CMAKE_PREFIX_PATH}:/home/chinthan/turtlebot3_ws/install/turtlebot3_teleop:/home/chinthan/turtlebot3_ws/install/turtlebot3_example:/opt/ros/humble /usr/bin/cmake --install /home/chinthan/ros2_ws/build/indoor_robot
[4.638s] -- Install configuration: ""
[4.638s] -- Installing: /home/chinthan/ros2_ws/install/indoor_robot/share/indoor_robot//launch
[4.638s] -- Installing: /home/chinthan/ros2_ws/install/indoor_robot/share/indoor_robot//launch/slam.launch.py
[4.639s] -- Installing: /home/chinthan/ros2_ws/install/indoor_robot/share/indoor_robot//launch/navigation_simple.launch.py
[4.640s] -- Installing: /home/chinthan/ros2_ws/install/indoor_robot/share/indoor_robot//launch/gazebo.launch.py
[4.642s] -- Installing: /home/chinthan/ros2_ws/install/indoor_robot/share/indoor_robot//launch/navigation.launch.py
[4.643s] -- Installing: /home/chinthan/ros2_ws/install/indoor_robot/share/indoor_robot//worlds
[4.643s] -- Installing: /home/chinthan/ros2_ws/install/indoor_robot/share/indoor_robot//worlds/warehouse.world
[4.643s] -- Installing: /home/chinthan/ros2_ws/install/indoor_robot/share/indoor_robot//models
[4.643s] -- Installing: /home/chinthan/ros2_ws/install/indoor_robot/share/indoor_robot//models/robot.urdf.xacro
[4.645s] -- Installing: /home/chinthan/ros2_ws/install/indoor_robot/share/indoor_robot//config
[4.645s] -- Installing: /home/chinthan/ros2_ws/install/indoor_robot/share/indoor_robot//config/frames_2026-02-11_16.29.37.gv
[4.645s] -- Installing: /home/chinthan/ros2_ws/install/indoor_robot/share/indoor_robot//config/nav2_params.yaml
[4.646s] -- Installing: /home/chinthan/ros2_ws/install/indoor_robot/share/indoor_robot//config/slam_params.yaml
[4.647s] -- Installing: /home/chinthan/ros2_ws/install/indoor_robot/share/indoor_robot//config/nav2_params.yaml.save
[4.647s] -- Installing: /home/chinthan/ros2_ws/install/indoor_robot/share/indoor_robot//config/frames_2026-02-11_16.29.37.pdf
[4.648s] -- Installing: /home/chinthan/ros2_ws/install/indoor_robot/share/indoor_robot//rviz
[4.648s] -- Installing: /home/chinthan/ros2_ws/install/indoor_robot/share/indoor_robot//rviz/slam.rviz
[4.649s] -- Installing: /home/chinthan/ros2_ws/install/indoor_robot/share/indoor_robot//rviz/nav2.rviz
[4.649s] -- Installing: /home/chinthan/ros2_ws/install/indoor_robot/share/indoor_robot//maps
[4.650s] -- Installing: /home/chinthan/ros2_ws/install/indoor_robot/share/indoor_robot//maps/warehouse_map.pgm
[4.651s] -- Installing: /home/chinthan/ros2_ws/install/indoor_robot/share/indoor_robot//maps/warehouse_map.yaml
[4.652s] -- Installing: /home/chinthan/ros2_ws/install/indoor_robot/share/ament_index/resource_index/package_run_dependencies/indoor_robot
[4.652s] -- Installing: /home/chinthan/ros2_ws/install/indoor_robot/share/ament_index/resource_index/parent_prefix_path/indoor_robot
[4.653s] -- Installing: /home/chinthan/ros2_ws/install/indoor_robot/share/indoor_robot/environment/ament_prefix_path.sh
[4.653s] -- Installing: /home/chinthan/ros2_ws/install/indoor_robot/share/indoor_robot/environment/ament_prefix_path.dsv
[4.653s] -- Installing: /home/chinthan/ros2_ws/install/indoor_robot/share/indoor_robot/environment/path.sh
[4.654s] -- Installing: /home/chinthan/ros2_ws/install/indoor_robot/share/indoor_robot/environment/path.dsv
[4.654s] -- Installing: /home/chinthan/ros2_ws/install/indoor_robot/share/indoor_robot/local_setup.bash
[4.654s] -- Installing: /home/chinthan/ros2_ws/install/indoor_robot/share/indoor_robot/local_setup.sh
[4.654s] -- Installing: /home/chinthan/ros2_ws/install/indoor_robot/share/indoor_robot/local_setup.zsh
[4.655s] -- Installing: /home/chinthan/ros2_ws/install/indoor_robot/share/indoor_robot/local_setup.dsv
[4.655s] -- Installing: /home/chinthan/ros2_ws/install/indoor_robot/share/indoor_robot/package.dsv
[4.655s] -- Installing: /home/chinthan/ros2_ws/install/indoor_robot/share/ament_index/resource_index/packages/indoor_robot
[4.656s] -- Installing: /home/chinthan/ros2_ws/install/indoor_robot/share/indoor_robot/cmake/indoor_robotConfig.cmake
[4.656s] -- Installing: /home/chinthan/ros2_ws/install/indoor_robot/share/indoor_robot/cmake/indoor_robotConfig-version.cmake
[4.656s] -- Installing: /home/chinthan/ros2_ws/install/indoor_robot/share/indoor_robot/package.xml
[4.661s] Invoked command in '/home/chinthan/ros2_ws/build/indoor_robot' returned '0': CMAKE_PREFIX_PATH=${CMAKE_PREFIX_PATH}:/home/chinthan/turtlebot3_ws/install/turtlebot3_teleop:/home/chinthan/turtlebot3_ws/install/turtlebot3_example:/opt/ros/humble /usr/bin/cmake --install /home/chinthan/ros2_ws/build/indoor_robot
