[1.511s] DEBUG:colcon:Command line arguments: ['/usr/bin/colcon', 'build', '--packages-select', 'indoor_robot']
[1.512s] DEBUG:colcon:Parsed command line arguments: Namespace(log_base=None, log_level=None, verb_name='build', build_base='build', install_base='install', merge_install=False, symlink_install=False, test_result_base=None, continue_on_error=False, executor='parallel', parallel_workers=2, event_handlers=None, ignore_user_meta=False, metas=['./colcon.meta'], base_paths=['.'], packages_ignore=None, packages_ignore_regex=None, paths=None, packages_up_to=None, packages_up_to_regex=None, packages_above=None, packages_above_and_dependencies=None, packages_above_depth=None, packages_select_by_dep=None, packages_skip_by_dep=None, packages_skip_up_to=None, packages_select_build_failed=False, packages_skip_build_finished=False, packages_select_test_failures=False, packages_skip_test_passed=False, packages_select=['indoor_robot'], packages_skip=None, packages_select_regex=None, packages_skip_regex=None, packages_start=None, packages_end=None, allow_overriding=[], cmake_args=None, cmake_target=None, cmake_target_skip_unavailable=False, cmake_clean_cache=False, cmake_clean_first=False, cmake_force_configure=False, ament_cmake_args=None, catkin_cmake_args=None, catkin_skip_building_tests=False, verb_parser=<colcon_defaults.argument_parser.defaults.DefaultArgumentsDecorator object at 0x7d2bc445a230>, verb_extension=<colcon_core.verb.build.BuildVerb object at 0x7d2bc45d3010>, main=<bound method BuildVerb.main of <colcon_core.verb.build.BuildVerb object at 0x7d2bc45d3010>>)
[2.789s] Level 1:colcon.colcon_core.package_discovery:discover_packages(colcon_meta) check parameters
[2.789s] Level 1:colcon.colcon_core.package_discovery:discover_packages(recursive) check parameters
[2.789s] Level 1:colcon.colcon_core.package_discovery:discover_packages(ignore) check parameters
[2.789s] Level 1:colcon.colcon_core.package_discovery:discover_packages(path) check parameters
[2.789s] Level 1:colcon.colcon_core.package_discovery:discover_packages(colcon_meta) discover
[2.789s] Level 1:colcon.colcon_core.package_discovery:discover_packages(recursive) discover
[2.789s] INFO:colcon.colcon_core.package_discovery:Crawling recursively for packages in '/home/chinthan/ros2_ws'
[2.790s] Level 1:colcon.colcon_core.package_identification:_identify(.) by extensions ['ignore', 'ignore_ament_install']
[2.790s] Level 1:colcon.colcon_core.package_identification:_identify(.) by extension 'ignore'
[2.790s] Level 1:colcon.colcon_core.package_identification:_identify(.) by extension 'ignore_ament_install'
[2.790s] Level 1:colcon.colcon_core.package_identification:_identify(.) by extensions ['colcon_pkg']
[2.790s] Level 1:colcon.colcon_core.package_identification:_identify(.) by extension 'colcon_pkg'
[2.790s] Level 1:colcon.colcon_core.package_identification:_identify(.) by extensions ['colcon_meta']
[2.790s] Level 1:colcon.colcon_core.package_identification:_identify(.) by extension 'colcon_meta'
[2.790s] Level 1:colcon.colcon_core.package_identification:_identify(.) by extensions ['ros']
[2.790s] Level 1:colcon.colcon_core.package_identification:_identify(.) by extension 'ros'
[2.828s] Level 1:colcon.colcon_core.package_identification:_identify(.) by extensions ['cmake', 'python']
[2.828s] Level 1:colcon.colcon_core.package_identification:_identify(.) by extension 'cmake'
[2.829s] Level 1:colcon.colcon_core.package_identification:_identify(.) by extension 'python'
[2.829s] Level 1:colcon.colcon_core.package_identification:_identify(.) by extensions ['python_setup_py']
[2.829s] Level 1:colcon.colcon_core.package_identification:_identify(.) by extension 'python_setup_py'
[2.829s] Level 1:colcon.colcon_core.package_identification:_identify(build) by extensions ['ignore', 'ignore_ament_install']
[2.829s] Level 1:colcon.colcon_core.package_identification:_identify(build) by extension 'ignore'
[2.829s] Level 1:colcon.colcon_core.package_identification:_identify(build) ignored
[2.829s] Level 1:colcon.colcon_core.package_identification:_identify(install) by extensions ['ignore', 'ignore_ament_install']
[2.830s] Level 1:colcon.colcon_core.package_identification:_identify(install) by extension 'ignore'
[2.830s] Level 1:colcon.colcon_core.package_identification:_identify(install) ignored
[2.830s] Level 1:colcon.colcon_core.package_identification:_identify(log) by extensions ['ignore', 'ignore_ament_install']
[2.830s] Level 1:colcon.colcon_core.package_identification:_identify(log) by extension 'ignore'
[2.830s] Level 1:colcon.colcon_core.package_identification:_identify(log) ignored
[2.830s] Level 1:colcon.colcon_core.package_identification:_identify(src) by extensions ['ignore', 'ignore_ament_install']
[2.830s] Level 1:colcon.colcon_core.package_identification:_identify(src) by extension 'ignore'
[2.830s] Level 1:colcon.colcon_core.package_identification:_identify(src) by extension 'ignore_ament_install'
[2.831s] Level 1:colcon.colcon_core.package_identification:_identify(src) by extensions ['colcon_pkg']
[2.831s] Level 1:colcon.colcon_core.package_identification:_identify(src) by extension 'colcon_pkg'
[2.831s] Level 1:colcon.colcon_core.package_identification:_identify(src) by extensions ['colcon_meta']
[2.831s] Level 1:colcon.colcon_core.package_identification:_identify(src) by extension 'colcon_meta'
[2.831s] Level 1:colcon.colcon_core.package_identification:_identify(src) by extensions ['ros']
[2.831s] Level 1:colcon.colcon_core.package_identification:_identify(src) by extension 'ros'
[2.831s] Level 1:colcon.colcon_core.package_identification:_identify(src) by extensions ['cmake', 'python']
[2.831s] Level 1:colcon.colcon_core.package_identification:_identify(src) by extension 'cmake'
[2.831s] Level 1:colcon.colcon_core.package_identification:_identify(src) by extension 'python'
[2.831s] Level 1:colcon.colcon_core.package_identification:_identify(src) by extensions ['python_setup_py']
[2.831s] Level 1:colcon.colcon_core.package_identification:_identify(src) by extension 'python_setup_py'
[2.832s] Level 1:colcon.colcon_core.package_identification:_identify(src/Autonomous_Indoor_Robot-ROS2) by extensions ['ignore', 'ignore_ament_install']
[2.833s] Level 1:colcon.colcon_core.package_identification:_identify(src/Autonomous_Indoor_Robot-ROS2) by extension 'ignore'
[2.833s] Level 1:colcon.colcon_core.package_identification:_identify(src/Autonomous_Indoor_Robot-ROS2) by extension 'ignore_ament_install'
[2.833s] Level 1:colcon.colcon_core.package_identification:_identify(src/Autonomous_Indoor_Robot-ROS2) by extensions ['colcon_pkg']
[2.833s] Level 1:colcon.colcon_core.package_identification:_identify(src/Autonomous_Indoor_Robot-ROS2) by extension 'colcon_pkg'
[2.833s] Level 1:colcon.colcon_core.package_identification:_identify(src/Autonomous_Indoor_Robot-ROS2) by extensions ['colcon_meta']
[2.833s] Level 1:colcon.colcon_core.package_identification:_identify(src/Autonomous_Indoor_Robot-ROS2) by extension 'colcon_meta'
[2.834s] Level 1:colcon.colcon_core.package_identification:_identify(src/Autonomous_Indoor_Robot-ROS2) by extensions ['ros']
[2.834s] Level 1:colcon.colcon_core.package_identification:_identify(src/Autonomous_Indoor_Robot-ROS2) by extension 'ros'
[2.834s] Level 1:colcon.colcon_core.package_identification:_identify(src/Autonomous_Indoor_Robot-ROS2) by extensions ['cmake', 'python']
[2.834s] Level 1:colcon.colcon_core.package_identification:_identify(src/Autonomous_Indoor_Robot-ROS2) by extension 'cmake'
[2.834s] Level 1:colcon.colcon_core.package_identification:_identify(src/Autonomous_Indoor_Robot-ROS2) by extension 'python'
[2.834s] Level 1:colcon.colcon_core.package_identification:_identify(src/Autonomous_Indoor_Robot-ROS2) by extensions ['python_setup_py']
[2.834s] Level 1:colcon.colcon_core.package_identification:_identify(src/Autonomous_Indoor_Robot-ROS2) by extension 'python_setup_py'
[2.835s] Level 1:colcon.colcon_core.package_identification:_identify(src/Autonomous_Indoor_Robot-ROS2/build) by extensions ['ignore', 'ignore_ament_install']
[2.835s] Level 1:colcon.colcon_core.package_identification:_identify(src/Autonomous_Indoor_Robot-ROS2/build) by extension 'ignore'
[2.836s] Level 1:colcon.colcon_core.package_identification:_identify(src/Autonomous_Indoor_Robot-ROS2/build) ignored
[2.836s] Level 1:colcon.colcon_core.package_identification:_identify(src/Autonomous_Indoor_Robot-ROS2/install) by extensions ['ignore', 'ignore_ament_install']
[2.837s] Level 1:colcon.colcon_core.package_identification:_identify(src/Autonomous_Indoor_Robot-ROS2/install) by extension 'ignore'
[2.837s] Level 1:colcon.colcon_core.package_identification:_identify(src/Autonomous_Indoor_Robot-ROS2/install) ignored
[2.838s] Level 1:colcon.colcon_core.package_identification:_identify(src/Autonomous_Indoor_Robot-ROS2/log) by extensions ['ignore', 'ignore_ament_install']
[2.838s] Level 1:colcon.colcon_core.package_identification:_identify(src/Autonomous_Indoor_Robot-ROS2/log) by extension 'ignore'
[2.838s] Level 1:colcon.colcon_core.package_identification:_identify(src/Autonomous_Indoor_Robot-ROS2/log) ignored
[2.839s] Level 1:colcon.colcon_core.package_identification:_identify(src/Autonomous_Indoor_Robot-ROS2/src) by extensions ['ignore', 'ignore_ament_install']
[2.839s] Level 1:colcon.colcon_core.package_identification:_identify(src/Autonomous_Indoor_Robot-ROS2/src) by extension 'ignore'
[2.840s] Level 1:colcon.colcon_core.package_identification:_identify(src/Autonomous_Indoor_Robot-ROS2/src) by extension 'ignore_ament_install'
[2.840s] Level 1:colcon.colcon_core.package_identification:_identify(src/Autonomous_Indoor_Robot-ROS2/src) by extensions ['colcon_pkg']
[2.840s] Level 1:colcon.colcon_core.package_identification:_identify(src/Autonomous_Indoor_Robot-ROS2/src) by extension 'colcon_pkg'
[2.840s] Level 1:colcon.colcon_core.package_identification:_identify(src/Autonomous_Indoor_Robot-ROS2/src) by extensions ['colcon_meta']
[2.840s] Level 1:colcon.colcon_core.package_identification:_identify(src/Autonomous_Indoor_Robot-ROS2/src) by extension 'colcon_meta'
[2.840s] Level 1:colcon.colcon_core.package_identification:_identify(src/Autonomous_Indoor_Robot-ROS2/src) by extensions ['ros']
[2.840s] Level 1:colcon.colcon_core.package_identification:_identify(src/Autonomous_Indoor_Robot-ROS2/src) by extension 'ros'
[2.840s] Level 1:colcon.colcon_core.package_identification:_identify(src/Autonomous_Indoor_Robot-ROS2/src) by extensions ['cmake', 'python']
[2.840s] Level 1:colcon.colcon_core.package_identification:_identify(src/Autonomous_Indoor_Robot-ROS2/src) by extension 'cmake'
[2.840s] Level 1:colcon.colcon_core.package_identification:_identify(src/Autonomous_Indoor_Robot-ROS2/src) by extension 'python'
[2.841s] Level 1:colcon.colcon_core.package_identification:_identify(src/Autonomous_Indoor_Robot-ROS2/src) by extensions ['python_setup_py']
[2.841s] Level 1:colcon.colcon_core.package_identification:_identify(src/Autonomous_Indoor_Robot-ROS2/src) by extension 'python_setup_py'
[2.842s] Level 1:colcon.colcon_core.package_identification:_identify(src/Autonomous_Indoor_Robot-ROS2/src/indoor_robot) by extensions ['ignore', 'ignore_ament_install']
[2.842s] Level 1:colcon.colcon_core.package_identification:_identify(src/Autonomous_Indoor_Robot-ROS2/src/indoor_robot) by extension 'ignore'
[2.842s] Level 1:colcon.colcon_core.package_identification:_identify(src/Autonomous_Indoor_Robot-ROS2/src/indoor_robot) by extension 'ignore_ament_install'
[2.843s] Level 1:colcon.colcon_core.package_identification:_identify(src/Autonomous_Indoor_Robot-ROS2/src/indoor_robot) by extensions ['colcon_pkg']
[2.843s] Level 1:colcon.colcon_core.package_identification:_identify(src/Autonomous_Indoor_Robot-ROS2/src/indoor_robot) by extension 'colcon_pkg'
[2.843s] Level 1:colcon.colcon_core.package_identification:_identify(src/Autonomous_Indoor_Robot-ROS2/src/indoor_robot) by extensions ['colcon_meta']
[2.843s] Level 1:colcon.colcon_core.package_identification:_identify(src/Autonomous_Indoor_Robot-ROS2/src/indoor_robot) by extension 'colcon_meta'
[2.843s] Level 1:colcon.colcon_core.package_identification:_identify(src/Autonomous_Indoor_Robot-ROS2/src/indoor_robot) by extensions ['ros']
[2.843s] Level 1:colcon.colcon_core.package_identification:_identify(src/Autonomous_Indoor_Robot-ROS2/src/indoor_robot) by extension 'ros'
[2.855s] DEBUG:colcon.colcon_core.package_identification:Package 'src/Autonomous_Indoor_Robot-ROS2/src/indoor_robot' with type 'ros.ament_cmake' and name 'indoor_robot'
[2.856s] Level 1:colcon.colcon_core.package_identification:_identify(src/build) by extensions ['ignore', 'ignore_ament_install']
[2.857s] Level 1:colcon.colcon_core.package_identification:_identify(src/build) by extension 'ignore'
[2.857s] Level 1:colcon.colcon_core.package_identification:_identify(src/build) ignored
[2.858s] Level 1:colcon.colcon_core.package_identification:_identify(src/install) by extensions ['ignore', 'ignore_ament_install']
[2.858s] Level 1:colcon.colcon_core.package_identification:_identify(src/install) by extension 'ignore'
[2.858s] Level 1:colcon.colcon_core.package_identification:_identify(src/install) ignored
[2.859s] Level 1:colcon.colcon_core.package_identification:_identify(src/log) by extensions ['ignore', 'ignore_ament_install']
[2.859s] Level 1:colcon.colcon_core.package_identification:_identify(src/log) by extension 'ignore'
[2.859s] Level 1:colcon.colcon_core.package_identification:_identify(src/log) ignored
[2.860s] Level 1:colcon.colcon_core.package_discovery:discover_packages(recursive) using defaults
[2.860s] Level 1:colcon.colcon_core.package_discovery:discover_packages(ignore) discover
[2.860s] Level 1:colcon.colcon_core.package_discovery:discover_packages(ignore) using defaults
[2.860s] Level 1:colcon.colcon_core.package_discovery:discover_packages(path) discover
[2.860s] Level 1:colcon.colcon_core.package_discovery:discover_packages(path) using defaults
[2.980s] Level 1:colcon.colcon_core.package_discovery:discover_packages(prefix_path) check parameters
[2.980s] Level 1:colcon.colcon_core.package_discovery:discover_packages(prefix_path) discover
[2.993s] DEBUG:colcon.colcon_installed_package_information.package_discovery:Found 1 installed packages in /home/chinthan/ros2_ws/install
[2.996s] DEBUG:colcon.colcon_installed_package_information.package_discovery:Found 16 installed packages in /home/chinthan/turtlebot3_ws/install
[3.001s] DEBUG:colcon.colcon_installed_package_information.package_discovery:Found 410 installed packages in /opt/ros/humble
[3.009s] Level 1:colcon.colcon_core.package_discovery:discover_packages(prefix_path) using defaults
[3.294s] Level 5:colcon.colcon_core.verb:set package 'indoor_robot' build argument 'cmake_args' from command line to 'None'
[3.294s] Level 5:colcon.colcon_core.verb:set package 'indoor_robot' build argument 'cmake_target' from command line to 'None'
[3.294s] Level 5:colcon.colcon_core.verb:set package 'indoor_robot' build argument 'cmake_target_skip_unavailable' from command line to 'False'
[3.294s] Level 5:colcon.colcon_core.verb:set package 'indoor_robot' build argument 'cmake_clean_cache' from command line to 'False'
[3.294s] Level 5:colcon.colcon_core.verb:set package 'indoor_robot' build argument 'cmake_clean_first' from command line to 'False'
[3.294s] Level 5:colcon.colcon_core.verb:set package 'indoor_robot' build argument 'cmake_force_configure' from command line to 'False'
[3.294s] Level 5:colcon.colcon_core.verb:set package 'indoor_robot' build argument 'ament_cmake_args' from command line to 'None'
[3.294s] Level 5:colcon.colcon_core.verb:set package 'indoor_robot' build argument 'catkin_cmake_args' from command line to 'None'
[3.294s] Level 5:colcon.colcon_core.verb:set package 'indoor_robot' build argument 'catkin_skip_building_tests' from command line to 'False'
[3.295s] DEBUG:colcon.colcon_core.verb:Building package 'indoor_robot' with the following arguments: {'ament_cmake_args': None, 'build_base': '/home/chinthan/ros2_ws/build/indoor_robot', 'catkin_cmake_args': None, 'catkin_skip_building_tests': False, 'cmake_args': None, 'cmake_clean_cache': False, 'cmake_clean_first': False, 'cmake_force_configure': False, 'cmake_target': None, 'cmake_target_skip_unavailable': False, 'install_base': '/home/chinthan/ros2_ws/install/indoor_robot', 'merge_install': False, 'path': '/home/chinthan/ros2_ws/src/Autonomous_Indoor_Robot-ROS2/src/indoor_robot', 'symlink_install': False, 'test_result_base': None}
[3.295s] INFO:colcon.colcon_core.executor:Executing jobs using 'parallel' executor
[3.297s] DEBUG:colcon.colcon_parallel_executor.executor.parallel:run_until_complete
[3.298s] INFO:colcon.colcon_ros.task.ament_cmake.build:Building ROS package in '/home/chinthan/ros2_ws/src/Autonomous_Indoor_Robot-ROS2/src/indoor_robot' with build type 'ament_cmake'
[3.298s] INFO:colcon.colcon_cmake.task.cmake.build:Building CMake package in '/home/chinthan/ros2_ws/src/Autonomous_Indoor_Robot-ROS2/src/indoor_robot'
[3.317s] INFO:colcon.colcon_core.plugin_system:Skipping extension 'colcon_core.shell.bat': Not used on non-Windows systems
[3.318s] INFO:colcon.colcon_core.shell:Skip shell extension 'powershell' for command environment: Not usable outside of PowerShell
[3.318s] DEBUG:colcon.colcon_core.shell:Skip shell extension 'dsv' for command environment
[3.357s] DEBUG:colcon.colcon_core.event_handler.log_command:Invoking command in '/home/chinthan/ros2_ws/build/indoor_robot': CMAKE_PREFIX_PATH=${CMAKE_PREFIX_PATH}:/home/chinthan/turtlebot3_ws/install/turtlebot3_teleop:/home/chinthan/turtlebot3_ws/install/turtlebot3_example:/opt/ros/humble /usr/bin/cmake --build /home/chinthan/ros2_ws/build/indoor_robot -- -j2 -l2
[3.660s] DEBUG:colcon.colcon_core.event_handler.log_command:Invoked command in '/home/chinthan/ros2_ws/build/indoor_robot' returned '0': CMAKE_PREFIX_PATH=${CMAKE_PREFIX_PATH}:/home/chinthan/turtlebot3_ws/install/turtlebot3_teleop:/home/chinthan/turtlebot3_ws/install/turtlebot3_example:/opt/ros/humble /usr/bin/cmake --build /home/chinthan/ros2_ws/build/indoor_robot -- -j2 -l2
[3.683s] DEBUG:colcon.colcon_core.event_handler.log_command:Invoking command in '/home/chinthan/ros2_ws/build/indoor_robot': CMAKE_PREFIX_PATH=${CMAKE_PREFIX_PATH}:/home/chinthan/turtlebot3_ws/install/turtlebot3_teleop:/home/chinthan/turtlebot3_ws/install/turtlebot3_example:/opt/ros/humble /usr/bin/cmake --install /home/chinthan/ros2_ws/build/indoor_robot
[3.717s] Level 1:colcon.colcon_core.environment:create_environment_scripts_only(indoor_robot)
[3.718s] DEBUG:colcon.colcon_core.event_handler.log_command:Invoked command in '/home/chinthan/ros2_ws/build/indoor_robot' returned '0': CMAKE_PREFIX_PATH=${CMAKE_PREFIX_PATH}:/home/chinthan/turtlebot3_ws/install/turtlebot3_teleop:/home/chinthan/turtlebot3_ws/install/turtlebot3_example:/opt/ros/humble /usr/bin/cmake --install /home/chinthan/ros2_ws/build/indoor_robot
[3.739s] Level 1:colcon.colcon_core.environment:checking '/home/chinthan/ros2_ws/install/indoor_robot' for CMake module files
[3.744s] Level 1:colcon.colcon_core.environment:checking '/home/chinthan/ros2_ws/install/indoor_robot' for CMake config files
[3.747s] Level 1:colcon.colcon_core.shell:create_environment_hook('indoor_robot', 'cmake_prefix_path')
[3.748s] INFO:colcon.colcon_core.shell:Creating environment hook '/home/chinthan/ros2_ws/install/indoor_robot/share/indoor_robot/hook/cmake_prefix_path.ps1'
[3.751s] INFO:colcon.colcon_core.shell:Creating environment descriptor '/home/chinthan/ros2_ws/install/indoor_robot/share/indoor_robot/hook/cmake_prefix_path.dsv'
[3.753s] INFO:colcon.colcon_core.shell:Creating environment hook '/home/chinthan/ros2_ws/install/indoor_robot/share/indoor_robot/hook/cmake_prefix_path.sh'
[3.757s] Level 1:colcon.colcon_core.environment:checking '/home/chinthan/ros2_ws/install/indoor_robot/bin'
[3.757s] Level 1:colcon.colcon_core.environment:checking '/home/chinthan/ros2_ws/install/indoor_robot/lib/pkgconfig/indoor_robot.pc'
[3.757s] Level 1:colcon.colcon_core.environment:checking '/home/chinthan/ros2_ws/install/indoor_robot/lib/python3.10/site-packages'
[3.758s] Level 1:colcon.colcon_core.environment:checking '/home/chinthan/ros2_ws/install/indoor_robot/bin'
[3.759s] INFO:colcon.colcon_core.shell:Creating package script '/home/chinthan/ros2_ws/install/indoor_robot/share/indoor_robot/package.ps1'
[3.762s] INFO:colcon.colcon_core.shell:Creating package descriptor '/home/chinthan/ros2_ws/install/indoor_robot/share/indoor_robot/package.dsv'
[3.763s] INFO:colcon.colcon_core.shell:Creating package script '/home/chinthan/ros2_ws/install/indoor_robot/share/indoor_robot/package.sh'
[3.766s] INFO:colcon.colcon_core.shell:Creating package script '/home/chinthan/ros2_ws/install/indoor_robot/share/indoor_robot/package.bash'
[3.770s] INFO:colcon.colcon_core.shell:Creating package script '/home/chinthan/ros2_ws/install/indoor_robot/share/indoor_robot/package.zsh'
[3.773s] Level 1:colcon.colcon_core.environment:create_file_with_runtime_dependencies(/home/chinthan/ros2_ws/install/indoor_robot/share/colcon-core/packages/indoor_robot)
[3.774s] Level 1:colcon.colcon_core.environment:create_environment_scripts_only(indoor_robot)
[3.775s] Level 1:colcon.colcon_core.environment:checking '/home/chinthan/ros2_ws/install/indoor_robot' for CMake module files
[3.776s] Level 1:colcon.colcon_core.environment:checking '/home/chinthan/ros2_ws/install/indoor_robot' for CMake config files
[3.777s] Level 1:colcon.colcon_core.shell:create_environment_hook('indoor_robot', 'cmake_prefix_path')
[3.777s] INFO:colcon.colcon_core.shell:Creating environment hook '/home/chinthan/ros2_ws/install/indoor_robot/share/indoor_robot/hook/cmake_prefix_path.ps1'
[3.778s] INFO:colcon.colcon_core.shell:Creating environment descriptor '/home/chinthan/ros2_ws/install/indoor_robot/share/indoor_robot/hook/cmake_prefix_path.dsv'
[3.779s] INFO:colcon.colcon_core.shell:Creating environment hook '/home/chinthan/ros2_ws/install/indoor_robot/share/indoor_robot/hook/cmake_prefix_path.sh'
[3.780s] Level 1:colcon.colcon_core.environment:checking '/home/chinthan/ros2_ws/install/indoor_robot/bin'
[3.780s] Level 1:colcon.colcon_core.environment:checking '/home/chinthan/ros2_ws/install/indoor_robot/lib/pkgconfig/indoor_robot.pc'
[3.780s] Level 1:colcon.colcon_core.environment:checking '/home/chinthan/ros2_ws/install/indoor_robot/lib/python3.10/site-packages'
[3.781s] Level 1:colcon.colcon_core.environment:checking '/home/chinthan/ros2_ws/install/indoor_robot/bin'
[3.782s] INFO:colcon.colcon_core.shell:Creating package script '/home/chinthan/ros2_ws/install/indoor_robot/share/indoor_robot/package.ps1'
[3.783s] INFO:colcon.colcon_core.shell:Creating package descriptor '/home/chinthan/ros2_ws/install/indoor_robot/share/indoor_robot/package.dsv'
[3.784s] INFO:colcon.colcon_core.shell:Creating package script '/home/chinthan/ros2_ws/install/indoor_robot/share/indoor_robot/package.sh'
[3.785s] INFO:colcon.colcon_core.shell:Creating package script '/home/chinthan/ros2_ws/install/indoor_robot/share/indoor_robot/package.bash'
[3.786s] INFO:colcon.colcon_core.shell:Creating package script '/home/chinthan/ros2_ws/install/indoor_robot/share/indoor_robot/package.zsh'
[3.787s] Level 1:colcon.colcon_core.environment:create_file_with_runtime_dependencies(/home/chinthan/ros2_ws/install/indoor_robot/share/colcon-core/packages/indoor_robot)
[3.787s] DEBUG:colcon.colcon_parallel_executor.executor.parallel:closing loop
[3.788s] DEBUG:colcon.colcon_parallel_executor.executor.parallel:loop closed
[3.788s] DEBUG:colcon.colcon_parallel_executor.executor.parallel:run_until_complete finished with '0'
[3.788s] DEBUG:colcon.colcon_core.event_reactor:joining thread
[3.812s] INFO:colcon.colcon_core.plugin_system:Skipping extension 'colcon_notification.desktop_notification.terminal_notifier': Not used on non-Darwin systems
[3.812s] INFO:colcon.colcon_core.plugin_system:Skipping extension 'colcon_notification.desktop_notification.win32': Not used on non-Windows systems
[3.813s] INFO:colcon.colcon_notification.desktop_notification:Sending desktop notification using 'notify2'
[4.329s] DEBUG:colcon.colcon_core.event_reactor:joined thread
[4.331s] INFO:colcon.colcon_core.shell:Creating prefix script '/home/chinthan/ros2_ws/install/local_setup.ps1'
[4.337s] INFO:colcon.colcon_core.shell:Creating prefix util module '/home/chinthan/ros2_ws/install/_local_setup_util_ps1.py'
[4.350s] INFO:colcon.colcon_core.shell:Creating prefix chain script '/home/chinthan/ros2_ws/install/setup.ps1'
[4.360s] INFO:colcon.colcon_core.shell:Creating prefix script '/home/chinthan/ros2_ws/install/local_setup.sh'
[4.364s] INFO:colcon.colcon_core.shell:Creating prefix util module '/home/chinthan/ros2_ws/install/_local_setup_util_sh.py'
[4.366s] INFO:colcon.colcon_core.shell:Creating prefix chain script '/home/chinthan/ros2_ws/install/setup.sh'
[4.380s] INFO:colcon.colcon_core.shell:Creating prefix script '/home/chinthan/ros2_ws/install/local_setup.bash'
[4.386s] INFO:colcon.colcon_core.shell:Creating prefix chain script '/home/chinthan/ros2_ws/install/setup.bash'
[4.400s] INFO:colcon.colcon_core.shell:Creating prefix script '/home/chinthan/ros2_ws/install/local_setup.zsh'
[4.406s] INFO:colcon.colcon_core.shell:Creating prefix chain script '/home/chinthan/ros2_ws/install/setup.zsh'
