[0.320s] DEBUG:colcon:Command line arguments: ['/usr/bin/colcon', 'build', '--packages-select', 'indoor_robot']
[0.321s] DEBUG:colcon:Parsed command line arguments: Namespace(log_base=None, log_level=None, verb_name='build', build_base='build', install_base='install', merge_install=False, symlink_install=False, test_result_base=None, continue_on_error=False, executor='parallel', parallel_workers=2, event_handlers=None, ignore_user_meta=False, metas=['./colcon.meta'], base_paths=['.'], packages_ignore=None, packages_ignore_regex=None, paths=None, packages_up_to=None, packages_up_to_regex=None, packages_above=None, packages_above_and_dependencies=None, packages_above_depth=None, packages_select_by_dep=None, packages_skip_by_dep=None, packages_skip_up_to=None, packages_select_build_failed=False, packages_skip_build_finished=False, packages_select_test_failures=False, packages_skip_test_passed=False, packages_select=['indoor_robot'], packages_skip=None, packages_select_regex=None, packages_skip_regex=None, packages_start=None, packages_end=None, allow_overriding=[], cmake_args=None, cmake_target=None, cmake_target_skip_unavailable=False, cmake_clean_cache=False, cmake_clean_first=False, cmake_force_configure=False, ament_cmake_args=None, catkin_cmake_args=None, catkin_skip_building_tests=False, verb_parser=<colcon_defaults.argument_parser.defaults.DefaultArgumentsDecorator object at 0x73b253106230>, verb_extension=<colcon_core.verb.build.BuildVerb object at 0x73b25327b010>, main=<bound method BuildVerb.main of <colcon_core.verb.build.BuildVerb object at 0x73b25327b010>>)
[0.892s] Level 1:colcon.colcon_core.package_discovery:discover_packages(colcon_meta) check parameters
[0.892s] Level 1:colcon.colcon_core.package_discovery:discover_packages(recursive) check parameters
[0.893s] Level 1:colcon.colcon_core.package_discovery:discover_packages(ignore) check parameters
[0.893s] Level 1:colcon.colcon_core.package_discovery:discover_packages(path) check parameters
[0.893s] Level 1:colcon.colcon_core.package_discovery:discover_packages(colcon_meta) discover
[0.893s] Level 1:colcon.colcon_core.package_discovery:discover_packages(recursive) discover
[0.893s] INFO:colcon.colcon_core.package_discovery:Crawling recursively for packages in '/home/chinthan/ros2_ws'
[0.893s] Level 1:colcon.colcon_core.package_identification:_identify(.) by extensions ['ignore', 'ignore_ament_install']
[0.894s] Level 1:colcon.colcon_core.package_identification:_identify(.) by extension 'ignore'
[0.894s] Level 1:colcon.colcon_core.package_identification:_identify(.) by extension 'ignore_ament_install'
[0.894s] Level 1:colcon.colcon_core.package_identification:_identify(.) by extensions ['colcon_pkg']
[0.894s] Level 1:colcon.colcon_core.package_identification:_identify(.) by extension 'colcon_pkg'
[0.894s] Level 1:colcon.colcon_core.package_identification:_identify(.) by extensions ['colcon_meta']
[0.895s] Level 1:colcon.colcon_core.package_identification:_identify(.) by extension 'colcon_meta'
[0.895s] Level 1:colcon.colcon_core.package_identification:_identify(.) by extensions ['ros']
[0.895s] Level 1:colcon.colcon_core.package_identification:_identify(.) by extension 'ros'
[0.929s] Level 1:colcon.colcon_core.package_identification:_identify(.) by extensions ['cmake', 'python']
[0.929s] Level 1:colcon.colcon_core.package_identification:_identify(.) by extension 'cmake'
[0.929s] Level 1:colcon.colcon_core.package_identification:_identify(.) by extension 'python'
[0.929s] Level 1:colcon.colcon_core.package_identification:_identify(.) by extensions ['python_setup_py']
[0.929s] Level 1:colcon.colcon_core.package_identification:_identify(.) by extension 'python_setup_py'
[0.929s] Level 1:colcon.colcon_core.package_identification:_identify(build) by extensions ['ignore', 'ignore_ament_install']
[0.930s] Level 1:colcon.colcon_core.package_identification:_identify(build) by extension 'ignore'
[0.930s] Level 1:colcon.colcon_core.package_identification:_identify(build) ignored
[0.930s] Level 1:colcon.colcon_core.package_identification:_identify(install) by extensions ['ignore', 'ignore_ament_install']
[0.930s] Level 1:colcon.colcon_core.package_identification:_identify(install) by extension 'ignore'
[0.931s] Level 1:colcon.colcon_core.package_identification:_identify(install) ignored
[0.931s] Level 1:colcon.colcon_core.package_identification:_identify(log) by extensions ['ignore', 'ignore_ament_install']
[0.931s] Level 1:colcon.colcon_core.package_identification:_identify(log) by extension 'ignore'
[0.931s] Level 1:colcon.colcon_core.package_identification:_identify(log) ignored
[0.931s] Level 1:colcon.colcon_core.package_identification:_identify(src) by extensions ['ignore', 'ignore_ament_install']
[0.932s] Level 1:colcon.colcon_core.package_identification:_identify(src) by extension 'ignore'
[0.932s] Level 1:colcon.colcon_core.package_identification:_identify(src) by extension 'ignore_ament_install'
[0.932s] Level 1:colcon.colcon_core.package_identification:_identify(src) by extensions ['colcon_pkg']
[0.932s] Level 1:colcon.colcon_core.package_identification:_identify(src) by extension 'colcon_pkg'
[0.932s] Level 1:colcon.colcon_core.package_identification:_identify(src) by extensions ['colcon_meta']
[0.932s] Level 1:colcon.colcon_core.package_identification:_identify(src) by extension 'colcon_meta'
[0.932s] Level 1:colcon.colcon_core.package_identification:_identify(src) by extensions ['ros']
[0.933s] Level 1:colcon.colcon_core.package_identification:_identify(src) by extension 'ros'
[0.933s] Level 1:colcon.colcon_core.package_identification:_identify(src) by extensions ['cmake', 'python']
[0.933s] Level 1:colcon.colcon_core.package_identification:_identify(src) by extension 'cmake'
[0.933s] Level 1:colcon.colcon_core.package_identification:_identify(src) by extension 'python'
[0.933s] Level 1:colcon.colcon_core.package_identification:_identify(src) by extensions ['python_setup_py']
[0.933s] Level 1:colcon.colcon_core.package_identification:_identify(src) by extension 'python_setup_py'
[0.933s] Level 1:colcon.colcon_core.package_identification:_identify(src/Autonomous_Indoor_Robot-ROS2) by extensions ['ignore', 'ignore_ament_install']
[0.934s] Level 1:colcon.colcon_core.package_identification:_identify(src/Autonomous_Indoor_Robot-ROS2) by extension 'ignore'
[0.934s] Level 1:colcon.colcon_core.package_identification:_identify(src/Autonomous_Indoor_Robot-ROS2) by extension 'ignore_ament_install'
[0.934s] Level 1:colcon.colcon_core.package_identification:_identify(src/Autonomous_Indoor_Robot-ROS2) by extensions ['colcon_pkg']
[0.934s] Level 1:colcon.colcon_core.package_identification:_identify(src/Autonomous_Indoor_Robot-ROS2) by extension 'colcon_pkg'
[0.934s] Level 1:colcon.colcon_core.package_identification:_identify(src/Autonomous_Indoor_Robot-ROS2) by extensions ['colcon_meta']
[0.934s] Level 1:colcon.colcon_core.package_identification:_identify(src/Autonomous_Indoor_Robot-ROS2) by extension 'colcon_meta'
[0.934s] Level 1:colcon.colcon_core.package_identification:_identify(src/Autonomous_Indoor_Robot-ROS2) by extensions ['ros']
[0.935s] Level 1:colcon.colcon_core.package_identification:_identify(src/Autonomous_Indoor_Robot-ROS2) by extension 'ros'
[0.935s] Level 1:colcon.colcon_core.package_identification:_identify(src/Autonomous_Indoor_Robot-ROS2) by extensions ['cmake', 'python']
[0.935s] Level 1:colcon.colcon_core.package_identification:_identify(src/Autonomous_Indoor_Robot-ROS2) by extension 'cmake'
[0.935s] Level 1:colcon.colcon_core.package_identification:_identify(src/Autonomous_Indoor_Robot-ROS2) by extension 'python'
[0.935s] Level 1:colcon.colcon_core.package_identification:_identify(src/Autonomous_Indoor_Robot-ROS2) by extensions ['python_setup_py']
[0.935s] Level 1:colcon.colcon_core.package_identification:_identify(src/Autonomous_Indoor_Robot-ROS2) by extension 'python_setup_py'
[0.935s] Level 1:colcon.colcon_core.package_identification:_identify(src/Autonomous_Indoor_Robot-ROS2/build) by extensions ['ignore', 'ignore_ament_install']
[0.936s] Level 1:colcon.colcon_core.package_identification:_identify(src/Autonomous_Indoor_Robot-ROS2/build) by extension 'ignore'
[0.936s] Level 1:colcon.colcon_core.package_identification:_identify(src/Autonomous_Indoor_Robot-ROS2/build) ignored
[0.936s] Level 1:colcon.colcon_core.package_identification:_identify(src/Autonomous_Indoor_Robot-ROS2/install) by extensions ['ignore', 'ignore_ament_install']
[0.936s] Level 1:colcon.colcon_core.package_identification:_identify(src/Autonomous_Indoor_Robot-ROS2/install) by extension 'ignore'
[0.936s] Level 1:colcon.colcon_core.package_identification:_identify(src/Autonomous_Indoor_Robot-ROS2/install) ignored
[0.937s] Level 1:colcon.colcon_core.package_identification:_identify(src/Autonomous_Indoor_Robot-ROS2/log) by extensions ['ignore', 'ignore_ament_install']
[0.937s] Level 1:colcon.colcon_core.package_identification:_identify(src/Autonomous_Indoor_Robot-ROS2/log) by extension 'ignore'
[0.937s] Level 1:colcon.colcon_core.package_identification:_identify(src/Autonomous_Indoor_Robot-ROS2/log) ignored
[0.937s] Level 1:colcon.colcon_core.package_identification:_identify(src/Autonomous_Indoor_Robot-ROS2/src) by extensions ['ignore', 'ignore_ament_install']
[0.937s] Level 1:colcon.colcon_core.package_identification:_identify(src/Autonomous_Indoor_Robot-ROS2/src) by extension 'ignore'
[0.938s] Level 1:colcon.colcon_core.package_identification:_identify(src/Autonomous_Indoor_Robot-ROS2/src) by extension 'ignore_ament_install'
[0.938s] Level 1:colcon.colcon_core.package_identification:_identify(src/Autonomous_Indoor_Robot-ROS2/src) by extensions ['colcon_pkg']
[0.938s] Level 1:colcon.colcon_core.package_identification:_identify(src/Autonomous_Indoor_Robot-ROS2/src) by extension 'colcon_pkg'
[0.938s] Level 1:colcon.colcon_core.package_identification:_identify(src/Autonomous_Indoor_Robot-ROS2/src) by extensions ['colcon_meta']
[0.938s] Level 1:colcon.colcon_core.package_identification:_identify(src/Autonomous_Indoor_Robot-ROS2/src) by extension 'colcon_meta'
[0.938s] Level 1:colcon.colcon_core.package_identification:_identify(src/Autonomous_Indoor_Robot-ROS2/src) by extensions ['ros']
[0.938s] Level 1:colcon.colcon_core.package_identification:_identify(src/Autonomous_Indoor_Robot-ROS2/src) by extension 'ros'
[0.939s] Level 1:colcon.colcon_core.package_identification:_identify(src/Autonomous_Indoor_Robot-ROS2/src) by extensions ['cmake', 'python']
[0.939s] Level 1:colcon.colcon_core.package_identification:_identify(src/Autonomous_Indoor_Robot-ROS2/src) by extension 'cmake'
[0.939s] Level 1:colcon.colcon_core.package_identification:_identify(src/Autonomous_Indoor_Robot-ROS2/src) by extension 'python'
[0.939s] Level 1:colcon.colcon_core.package_identification:_identify(src/Autonomous_Indoor_Robot-ROS2/src) by extensions ['python_setup_py']
[0.939s] Level 1:colcon.colcon_core.package_identification:_identify(src/Autonomous_Indoor_Robot-ROS2/src) by extension 'python_setup_py'
[0.939s] Level 1:colcon.colcon_core.package_identification:_identify(src/Autonomous_Indoor_Robot-ROS2/src/indoor_robot) by extensions ['ignore', 'ignore_ament_install']
[0.940s] Level 1:colcon.colcon_core.package_identification:_identify(src/Autonomous_Indoor_Robot-ROS2/src/indoor_robot) by extension 'ignore'
[0.940s] Level 1:colcon.colcon_core.package_identification:_identify(src/Autonomous_Indoor_Robot-ROS2/src/indoor_robot) by extension 'ignore_ament_install'
[0.940s] Level 1:colcon.colcon_core.package_identification:_identify(src/Autonomous_Indoor_Robot-ROS2/src/indoor_robot) by extensions ['colcon_pkg']
[0.940s] Level 1:colcon.colcon_core.package_identification:_identify(src/Autonomous_Indoor_Robot-ROS2/src/indoor_robot) by extension 'colcon_pkg'
[0.940s] Level 1:colcon.colcon_core.package_identification:_identify(src/Autonomous_Indoor_Robot-ROS2/src/indoor_robot) by extensions ['colcon_meta']
[0.940s] Level 1:colcon.colcon_core.package_identification:_identify(src/Autonomous_Indoor_Robot-ROS2/src/indoor_robot) by extension 'colcon_meta'
[0.941s] Level 1:colcon.colcon_core.package_identification:_identify(src/Autonomous_Indoor_Robot-ROS2/src/indoor_robot) by extensions ['ros']
[0.941s] Level 1:colcon.colcon_core.package_identification:_identify(src/Autonomous_Indoor_Robot-ROS2/src/indoor_robot) by extension 'ros'
[0.952s] DEBUG:colcon.colcon_core.package_identification:Package 'src/Autonomous_Indoor_Robot-ROS2/src/indoor_robot' with type 'ros.ament_cmake' and name 'indoor_robot'
[0.952s] Level 1:colcon.colcon_core.package_identification:_identify(src/build) by extensions ['ignore', 'ignore_ament_install']
[0.952s] Level 1:colcon.colcon_core.package_identification:_identify(src/build) by extension 'ignore'
[0.952s] Level 1:colcon.colcon_core.package_identification:_identify(src/build) ignored
[0.953s] Level 1:colcon.colcon_core.package_identification:_identify(src/install) by extensions ['ignore', 'ignore_ament_install']
[0.953s] Level 1:colcon.colcon_core.package_identification:_identify(src/install) by extension 'ignore'
[0.953s] Level 1:colcon.colcon_core.package_identification:_identify(src/install) ignored
[0.953s] Level 1:colcon.colcon_core.package_identification:_identify(src/log) by extensions ['ignore', 'ignore_ament_install']
[0.953s] Level 1:colcon.colcon_core.package_identification:_identify(src/log) by extension 'ignore'
[0.954s] Level 1:colcon.colcon_core.package_identification:_identify(src/log) ignored
[0.954s] Level 1:colcon.colcon_core.package_discovery:discover_packages(recursive) using defaults
[0.954s] Level 1:colcon.colcon_core.package_discovery:discover_packages(ignore) discover
[0.954s] Level 1:colcon.colcon_core.package_discovery:discover_packages(ignore) using defaults
[0.954s] Level 1:colcon.colcon_core.package_discovery:discover_packages(path) discover
[0.954s] Level 1:colcon.colcon_core.package_discovery:discover_packages(path) using defaults
[1.053s] Level 1:colcon.colcon_core.package_discovery:discover_packages(prefix_path) check parameters
[1.053s] Level 1:colcon.colcon_core.package_discovery:discover_packages(prefix_path) discover
[1.062s] DEBUG:colcon.colcon_installed_package_information.package_discovery:Found 1 installed packages in /home/chinthan/ros2_ws/install
[1.068s] DEBUG:colcon.colcon_installed_package_information.package_discovery:Found 16 installed packages in /home/chinthan/turtlebot3_ws/install
[1.082s] DEBUG:colcon.colcon_installed_package_information.package_discovery:Found 410 installed packages in /opt/ros/humble
[1.097s] Level 1:colcon.colcon_core.package_discovery:discover_packages(prefix_path) using defaults
[1.386s] Level 5:colcon.colcon_core.verb:set package 'indoor_robot' build argument 'cmake_args' from command line to 'None'
[1.386s] Level 5:colcon.colcon_core.verb:set package 'indoor_robot' build argument 'cmake_target' from command line to 'None'
[1.386s] Level 5:colcon.colcon_core.verb:set package 'indoor_robot' build argument 'cmake_target_skip_unavailable' from command line to 'False'
[1.386s] Level 5:colcon.colcon_core.verb:set package 'indoor_robot' build argument 'cmake_clean_cache' from command line to 'False'
[1.386s] Level 5:colcon.colcon_core.verb:set package 'indoor_robot' build argument 'cmake_clean_first' from command line to 'False'
[1.386s] Level 5:colcon.colcon_core.verb:set package 'indoor_robot' build argument 'cmake_force_configure' from command line to 'False'
[1.386s] Level 5:colcon.colcon_core.verb:set package 'indoor_robot' build argument 'ament_cmake_args' from command line to 'None'
[1.386s] Level 5:colcon.colcon_core.verb:set package 'indoor_robot' build argument 'catkin_cmake_args' from command line to 'None'
[1.386s] Level 5:colcon.colcon_core.verb:set package 'indoor_robot' build argument 'catkin_skip_building_tests' from command line to 'False'
[1.387s] DEBUG:colcon.colcon_core.verb:Building package 'indoor_robot' with the following arguments: {'ament_cmake_args': None, 'build_base': '/home/chinthan/ros2_ws/build/indoor_robot', 'catkin_cmake_args': None, 'catkin_skip_building_tests': False, 'cmake_args': None, 'cmake_clean_cache': False, 'cmake_clean_first': False, 'cmake_force_configure': False, 'cmake_target': None, 'cmake_target_skip_unavailable': False, 'install_base': '/home/chinthan/ros2_ws/install/indoor_robot', 'merge_install': False, 'path': '/home/chinthan/ros2_ws/src/Autonomous_Indoor_Robot-ROS2/src/indoor_robot', 'symlink_install': False, 'test_result_base': None}
[1.387s] INFO:colcon.colcon_core.executor:Executing jobs using 'parallel' executor
[1.400s] DEBUG:colcon.colcon_parallel_executor.executor.parallel:run_until_complete
[1.400s] INFO:colcon.colcon_ros.task.ament_cmake.build:Building ROS package in '/home/chinthan/ros2_ws/src/Autonomous_Indoor_Robot-ROS2/src/indoor_robot' with build type 'ament_cmake'
[1.400s] INFO:colcon.colcon_cmake.task.cmake.build:Building CMake package in '/home/chinthan/ros2_ws/src/Autonomous_Indoor_Robot-ROS2/src/indoor_robot'
[1.409s] INFO:colcon.colcon_core.plugin_system:Skipping extension 'colcon_core.shell.bat': Not used on non-Windows systems
[1.410s] INFO:colcon.colcon_core.shell:Skip shell extension 'powershell' for command environment: Not usable outside of PowerShell
[1.410s] DEBUG:colcon.colcon_core.shell:Skip shell extension 'dsv' for command environment
[1.458s] DEBUG:colcon.colcon_core.event_handler.log_command:Invoking command in '/home/chinthan/ros2_ws/build/indoor_robot': CMAKE_PREFIX_PATH=${CMAKE_PREFIX_PATH}:/home/chinthan/turtlebot3_ws/install/turtlebot3_teleop:/home/chinthan/turtlebot3_ws/install/turtlebot3_example:/opt/ros/humble /usr/bin/cmake --build /home/chinthan/ros2_ws/build/indoor_robot -- -j2 -l2
[1.570s] DEBUG:colcon.colcon_core.event_handler.log_command:Invoked command in '/home/chinthan/ros2_ws/build/indoor_robot' returned '0': CMAKE_PREFIX_PATH=${CMAKE_PREFIX_PATH}:/home/chinthan/turtlebot3_ws/install/turtlebot3_teleop:/home/chinthan/turtlebot3_ws/install/turtlebot3_example:/opt/ros/humble /usr/bin/cmake --build /home/chinthan/ros2_ws/build/indoor_robot -- -j2 -l2
[1.599s] DEBUG:colcon.colcon_core.event_handler.log_command:Invoking command in '/home/chinthan/ros2_ws/build/indoor_robot': CMAKE_PREFIX_PATH=${CMAKE_PREFIX_PATH}:/home/chinthan/turtlebot3_ws/install/turtlebot3_teleop:/home/chinthan/turtlebot3_ws/install/turtlebot3_example:/opt/ros/humble /usr/bin/cmake --install /home/chinthan/ros2_ws/build/indoor_robot
[1.635s] Level 1:colcon.colcon_core.environment:create_environment_scripts_only(indoor_robot)
[1.636s] DEBUG:colcon.colcon_core.event_handler.log_command:Invoked command in '/home/chinthan/ros2_ws/build/indoor_robot' returned '0': CMAKE_PREFIX_PATH=${CMAKE_PREFIX_PATH}:/home/chinthan/turtlebot3_ws/install/turtlebot3_teleop:/home/chinthan/turtlebot3_ws/install/turtlebot3_example:/opt/ros/humble /usr/bin/cmake --install /home/chinthan/ros2_ws/build/indoor_robot
[1.641s] Level 1:colcon.colcon_core.environment:checking '/home/chinthan/ros2_ws/install/indoor_robot' for CMake module files
[1.643s] Level 1:colcon.colcon_core.environment:checking '/home/chinthan/ros2_ws/install/indoor_robot' for CMake config files
[1.644s] Level 1:colcon.colcon_core.shell:create_environment_hook('indoor_robot', 'cmake_prefix_path')
[1.644s] INFO:colcon.colcon_core.shell:Creating environment hook '/home/chinthan/ros2_ws/install/indoor_robot/share/indoor_robot/hook/cmake_prefix_path.ps1'
[1.646s] INFO:colcon.colcon_core.shell:Creating environment descriptor '/home/chinthan/ros2_ws/install/indoor_robot/share/indoor_robot/hook/cmake_prefix_path.dsv'
[1.648s] INFO:colcon.colcon_core.shell:Creating environment hook '/home/chinthan/ros2_ws/install/indoor_robot/share/indoor_robot/hook/cmake_prefix_path.sh'
[1.650s] Level 1:colcon.colcon_core.environment:checking '/home/chinthan/ros2_ws/install/indoor_robot/bin'
[1.650s] Level 1:colcon.colcon_core.environment:checking '/home/chinthan/ros2_ws/install/indoor_robot/lib/pkgconfig/indoor_robot.pc'
[1.651s] Level 1:colcon.colcon_core.environment:checking '/home/chinthan/ros2_ws/install/indoor_robot/lib/python3.10/site-packages'
[1.651s] Level 1:colcon.colcon_core.environment:checking '/home/chinthan/ros2_ws/install/indoor_robot/bin'
[1.652s] INFO:colcon.colcon_core.shell:Creating package script '/home/chinthan/ros2_ws/install/indoor_robot/share/indoor_robot/package.ps1'
[1.654s] INFO:colcon.colcon_core.shell:Creating package descriptor '/home/chinthan/ros2_ws/install/indoor_robot/share/indoor_robot/package.dsv'
[1.656s] INFO:colcon.colcon_core.shell:Creating package script '/home/chinthan/ros2_ws/install/indoor_robot/share/indoor_robot/package.sh'
[1.658s] INFO:colcon.colcon_core.shell:Creating package script '/home/chinthan/ros2_ws/install/indoor_robot/share/indoor_robot/package.bash'
[1.661s] INFO:colcon.colcon_core.shell:Creating package script '/home/chinthan/ros2_ws/install/indoor_robot/share/indoor_robot/package.zsh'
[1.663s] Level 1:colcon.colcon_core.environment:create_file_with_runtime_dependencies(/home/chinthan/ros2_ws/install/indoor_robot/share/colcon-core/packages/indoor_robot)
[1.665s] Level 1:colcon.colcon_core.environment:create_environment_scripts_only(indoor_robot)
[1.665s] Level 1:colcon.colcon_core.environment:checking '/home/chinthan/ros2_ws/install/indoor_robot' for CMake module files
[1.666s] Level 1:colcon.colcon_core.environment:checking '/home/chinthan/ros2_ws/install/indoor_robot' for CMake config files
[1.667s] Level 1:colcon.colcon_core.shell:create_environment_hook('indoor_robot', 'cmake_prefix_path')
[1.668s] INFO:colcon.colcon_core.shell:Creating environment hook '/home/chinthan/ros2_ws/install/indoor_robot/share/indoor_robot/hook/cmake_prefix_path.ps1'
[1.669s] INFO:colcon.colcon_core.shell:Creating environment descriptor '/home/chinthan/ros2_ws/install/indoor_robot/share/indoor_robot/hook/cmake_prefix_path.dsv'
[1.670s] INFO:colcon.colcon_core.shell:Creating environment hook '/home/chinthan/ros2_ws/install/indoor_robot/share/indoor_robot/hook/cmake_prefix_path.sh'
[1.672s] Level 1:colcon.colcon_core.environment:checking '/home/chinthan/ros2_ws/install/indoor_robot/bin'
[1.672s] Level 1:colcon.colcon_core.environment:checking '/home/chinthan/ros2_ws/install/indoor_robot/lib/pkgconfig/indoor_robot.pc'
[1.672s] Level 1:colcon.colcon_core.environment:checking '/home/chinthan/ros2_ws/install/indoor_robot/lib/python3.10/site-packages'
[1.673s] Level 1:colcon.colcon_core.environment:checking '/home/chinthan/ros2_ws/install/indoor_robot/bin'
[1.674s] INFO:colcon.colcon_core.shell:Creating package script '/home/chinthan/ros2_ws/install/indoor_robot/share/indoor_robot/package.ps1'
[1.675s] INFO:colcon.colcon_core.shell:Creating package descriptor '/home/chinthan/ros2_ws/install/indoor_robot/share/indoor_robot/package.dsv'
[1.676s] INFO:colcon.colcon_core.shell:Creating package script '/home/chinthan/ros2_ws/install/indoor_robot/share/indoor_robot/package.sh'
[1.677s] INFO:colcon.colcon_core.shell:Creating package script '/home/chinthan/ros2_ws/install/indoor_robot/share/indoor_robot/package.bash'
[1.679s] INFO:colcon.colcon_core.shell:Creating package script '/home/chinthan/ros2_ws/install/indoor_robot/share/indoor_robot/package.zsh'
[1.681s] Level 1:colcon.colcon_core.environment:create_file_with_runtime_dependencies(/home/chinthan/ros2_ws/install/indoor_robot/share/colcon-core/packages/indoor_robot)
[1.681s] DEBUG:colcon.colcon_parallel_executor.executor.parallel:closing loop
[1.683s] DEBUG:colcon.colcon_parallel_executor.executor.parallel:loop closed
[1.683s] DEBUG:colcon.colcon_parallel_executor.executor.parallel:run_until_complete finished with '0'
[1.683s] DEBUG:colcon.colcon_core.event_reactor:joining thread
[1.700s] INFO:colcon.colcon_core.plugin_system:Skipping extension 'colcon_notification.desktop_notification.terminal_notifier': Not used on non-Darwin systems
[1.700s] INFO:colcon.colcon_core.plugin_system:Skipping extension 'colcon_notification.desktop_notification.win32': Not used on non-Windows systems
[1.700s] INFO:colcon.colcon_notification.desktop_notification:Sending desktop notification using 'notify2'
[1.751s] DEBUG:colcon.colcon_core.event_reactor:joined thread
[1.752s] INFO:colcon.colcon_core.shell:Creating prefix script '/home/chinthan/ros2_ws/install/local_setup.ps1'
[1.755s] INFO:colcon.colcon_core.shell:Creating prefix util module '/home/chinthan/ros2_ws/install/_local_setup_util_ps1.py'
[1.768s] INFO:colcon.colcon_core.shell:Creating prefix chain script '/home/chinthan/ros2_ws/install/setup.ps1'
[1.777s] INFO:colcon.colcon_core.shell:Creating prefix script '/home/chinthan/ros2_ws/install/local_setup.sh'
[1.782s] INFO:colcon.colcon_core.shell:Creating prefix util module '/home/chinthan/ros2_ws/install/_local_setup_util_sh.py'
[1.786s] INFO:colcon.colcon_core.shell:Creating prefix chain script '/home/chinthan/ros2_ws/install/setup.sh'
[1.796s] INFO:colcon.colcon_core.shell:Creating prefix script '/home/chinthan/ros2_ws/install/local_setup.bash'
[1.799s] INFO:colcon.colcon_core.shell:Creating prefix chain script '/home/chinthan/ros2_ws/install/setup.bash'
[1.807s] INFO:colcon.colcon_core.shell:Creating prefix script '/home/chinthan/ros2_ws/install/local_setup.zsh'
[1.809s] INFO:colcon.colcon_core.shell:Creating prefix chain script '/home/chinthan/ros2_ws/install/setup.zsh'
